{"/Users/Aleshalegair/Downloads/abundance-shift/abundance-gps-module/src/index.js": {"path":"/Users/Aleshalegair/Downloads/abundance-shift/abundance-gps-module/src/index.js","statementMap":{},"fnMap":{},"branchMap":{},"s":{},"f":{},"b":{}}
,"/Users/Aleshalegair/Downloads/abundance-shift/abundance-gps-module/src/components/AbundanceGPS.js": {"path":"/Users/Aleshalegair/Downloads/abundance-shift/abundance-gps-module/src/components/AbundanceGPS.js","statementMap":{"0":{"start":{"line":31,"column":23},"end":{"line":31,"column":71}},"1":{"start":{"line":31,"column":52},"end":{"line":31,"column":70}},"2":{"start":{"line":32,"column":16},"end":{"line":32,"column":57}},"3":{"start":{"line":32,"column":45},"end":{"line":32,"column":56}},"4":{"start":{"line":33,"column":16},"end":{"line":33,"column":57}},"5":{"start":{"line":33,"column":45},"end":{"line":33,"column":56}},"6":{"start":{"line":34,"column":20},"end":{"line":34,"column":65}},"7":{"start":{"line":34,"column":49},"end":{"line":34,"column":64}},"8":{"start":{"line":35,"column":22},"end":{"line":35,"column":69}},"9":{"start":{"line":35,"column":51},"end":{"line":35,"column":68}},"10":{"start":{"line":36,"column":31},"end":{"line":36,"column":87}},"11":{"start":{"line":36,"column":60},"end":{"line":36,"column":86}},"12":{"start":{"line":37,"column":45},"end":{"line":37,"column":64}},"13":{"start":{"line":40,"column":2},"end":{"line":54,"column":41}},"14":{"start":{"line":41,"column":4},"end":{"line":53,"column":5}},"15":{"start":{"line":42,"column":6},"end":{"line":52,"column":7}},"16":{"start":{"line":51,"column":9},"end":{"line":51,"column":61}},"17":{"start":{"line":56,"column":2},"end":{"line":63,"column":14}},"18":{"start":{"line":58,"column":4},"end":{"line":62,"column":5}},"19":{"start":{"line":59,"column":6},"end":{"line":59,"column":53}},"20":{"start":{"line":61,"column":6},"end":{"line":61,"column":56}},"21":{"start":{"line":65,"column":29},"end":{"line":100,"column":3}},"22":{"start":{"line":66,"column":4},"end":{"line":99,"column":5}},"23":{"start":{"line":68,"column":8},"end":{"line":68,"column":42}},"24":{"start":{"line":70,"column":8},"end":{"line":70,"column":34}},"25":{"start":{"line":72,"column":8},"end":{"line":72,"column":53}},"26":{"start":{"line":74,"column":8},"end":{"line":74,"column":45}},"27":{"start":{"line":77,"column":8},"end":{"line":85,"column":9}},"28":{"start":{"line":79,"column":12},"end":{"line":79,"column":48}},"29":{"start":{"line":81,"column":12},"end":{"line":81,"column":39}},"30":{"start":{"line":84,"column":12},"end":{"line":84,"column":51}},"31":{"start":{"line":87,"column":8},"end":{"line":90,"column":14}},"32":{"start":{"line":88,"column":10},"end":{"line":88,"column":51}},"33":{"start":{"line":88,"column":32},"end":{"line":88,"column":51}},"34":{"start":{"line":89,"column":10},"end":{"line":89,"column":33}},"35":{"start":{"line":93,"column":8},"end":{"line":98,"column":10}},"36":{"start":{"line":102,"column":2},"end":{"line":118,"column":4}},"37":{"start":{"line":121,"column":0},"end":{"line":124,"column":2}}},"fnMap":{"0":{"name":"AbundanceGPS","decl":{"start":{"line":30,"column":9},"end":{"line":30,"column":21}},"loc":{"start":{"line":30,"column":58},"end":{"line":119,"column":1}},"line":30},"1":{"name":"(anonymous_1)","decl":{"start":{"line":31,"column":41},"end":{"line":31,"column":42}},"loc":{"start":{"line":31,"column":52},"end":{"line":31,"column":70}},"line":31},"2":{"name":"(anonymous_2)","decl":{"start":{"line":32,"column":34},"end":{"line":32,"column":35}},"loc":{"start":{"line":32,"column":45},"end":{"line":32,"column":56}},"line":32},"3":{"name":"(anonymous_3)","decl":{"start":{"line":33,"column":34},"end":{"line":33,"column":35}},"loc":{"start":{"line":33,"column":45},"end":{"line":33,"column":56}},"line":33},"4":{"name":"(anonymous_4)","decl":{"start":{"line":34,"column":38},"end":{"line":34,"column":39}},"loc":{"start":{"line":34,"column":49},"end":{"line":34,"column":64}},"line":34},"5":{"name":"(anonymous_5)","decl":{"start":{"line":35,"column":40},"end":{"line":35,"column":41}},"loc":{"start":{"line":35,"column":51},"end":{"line":35,"column":68}},"line":35},"6":{"name":"(anonymous_6)","decl":{"start":{"line":36,"column":49},"end":{"line":36,"column":50}},"loc":{"start":{"line":36,"column":60},"end":{"line":36,"column":86}},"line":36},"7":{"name":"(anonymous_7)","decl":{"start":{"line":40,"column":12},"end":{"line":40,"column":13}},"loc":{"start":{"line":40,"column":18},"end":{"line":54,"column":3}},"line":40},"8":{"name":"(anonymous_8)","decl":{"start":{"line":56,"column":12},"end":{"line":56,"column":13}},"loc":{"start":{"line":56,"column":18},"end":{"line":63,"column":3}},"line":56},"9":{"name":"(anonymous_9)","decl":{"start":{"line":65,"column":29},"end":{"line":65,"column":30}},"loc":{"start":{"line":65,"column":35},"end":{"line":100,"column":3}},"line":65},"10":{"name":"(anonymous_10)","decl":{"start":{"line":87,"column":50},"end":{"line":87,"column":51}},"loc":{"start":{"line":87,"column":56},"end":{"line":90,"column":9}},"line":87}},"branchMap":{"0":{"loc":{"start":{"line":41,"column":4},"end":{"line":53,"column":5}},"type":"if","locations":[{"start":{"line":41,"column":4},"end":{"line":53,"column":5}},{"start":{},"end":{}}],"line":41},"1":{"loc":{"start":{"line":41,"column":8},"end":{"line":41,"column":77}},"type":"binary-expr","locations":[{"start":{"line":41,"column":8},"end":{"line":41,"column":20}},{"start":{"line":41,"column":25},"end":{"line":41,"column":49}},{"start":{"line":41,"column":53},"end":{"line":41,"column":76}}],"line":41},"2":{"loc":{"start":{"line":42,"column":6},"end":{"line":52,"column":7}},"type":"if","locations":[{"start":{"line":42,"column":6},"end":{"line":52,"column":7}},{"start":{},"end":{}}],"line":42},"3":{"loc":{"start":{"line":58,"column":4},"end":{"line":62,"column":5}},"type":"if","locations":[{"start":{"line":58,"column":4},"end":{"line":62,"column":5}},{"start":{"line":60,"column":11},"end":{"line":62,"column":5}}],"line":58},"4":{"loc":{"start":{"line":66,"column":4},"end":{"line":99,"column":5}},"type":"switch","locations":[{"start":{"line":67,"column":6},"end":{"line":68,"column":42}},{"start":{"line":69,"column":6},"end":{"line":70,"column":34}},{"start":{"line":71,"column":6},"end":{"line":72,"column":53}},{"start":{"line":73,"column":6},"end":{"line":74,"column":45}},{"start":{"line":75,"column":6},"end":{"line":85,"column":9}},{"start":{"line":86,"column":6},"end":{"line":90,"column":14}},{"start":{"line":91,"column":6},"end":{"line":98,"column":10}}],"line":66},"5":{"loc":{"start":{"line":77,"column":8},"end":{"line":85,"column":9}},"type":"switch","locations":[{"start":{"line":78,"column":10},"end":{"line":79,"column":48}},{"start":{"line":80,"column":10},"end":{"line":81,"column":39}},{"start":{"line":82,"column":10},"end":{"line":82,"column":22}},{"start":{"line":83,"column":10},"end":{"line":84,"column":51}}],"line":77},"6":{"loc":{"start":{"line":88,"column":10},"end":{"line":88,"column":51}},"type":"if","locations":[{"start":{"line":88,"column":10},"end":{"line":88,"column":51}},{"start":{},"end":{}}],"line":88},"7":{"loc":{"start":{"line":110,"column":7},"end":{"line":116,"column":7}},"type":"binary-expr","locations":[{"start":{"line":110,"column":7},"end":{"line":110,"column":20}},{"start":{"line":111,"column":8},"end":{"line":115,"column":10}}],"line":110}},"s":{"0":0,"1":0,"2":0,"3":0,"4":0,"5":0,"6":0,"7":0,"8":0,"9":0,"10":0,"11":0,"12":0,"13":0,"14":0,"15":0,"16":0,"17":0,"18":0,"19":0,"20":0,"21":0,"22":0,"23":0,"24":0,"25":0,"26":0,"27":0,"28":0,"29":0,"30":0,"31":0,"32":0,"33":0,"34":0,"35":0,"36":0,"37":1},"f":{"0":0,"1":0,"2":0,"3":0,"4":0,"5":0,"6":0,"7":0,"8":0,"9":0,"10":0},"b":{"0":[0,0],"1":[0,0,0],"2":[0,0],"3":[0,0],"4":[0,0,0,0,0,0,0],"5":[0,0,0,0],"6":[0,0],"7":[0,0]},"_coverageSchema":"1a1c01bbd47fc00a2c39e90264f33305004495a9","hash":"ccea6da26015c24d1a81eb29c377afbd8c5aad90"}
,"/Users/Aleshalegair/Downloads/abundance-shift/abundance-gps-module/src/components/ContrastClarityReflection.js": {"path":"/Users/Aleshalegair/Downloads/abundance-shift/abundance-gps-module/src/components/ContrastClarityReflection.js","statementMap":{"0":{"start":{"line":8,"column":31},"end":{"line":8,"column":83}},"1":{"start":{"line":8,"column":58},"end":{"line":8,"column":82}},"2":{"start":{"line":10,"column":2},"end":{"line":18,"column":4}}},"fnMap":{"0":{"name":"ContrastClarityReflection","decl":{"start":{"line":7,"column":9},"end":{"line":7,"column":34}},"loc":{"start":{"line":7,"column":37},"end":{"line":19,"column":1}},"line":7},"1":{"name":"(anonymous_1)","decl":{"start":{"line":8,"column":49},"end":{"line":8,"column":50}},"loc":{"start":{"line":8,"column":58},"end":{"line":8,"column":82}},"line":8}},"branchMap":{},"s":{"0":0,"1":0,"2":0},"f":{"0":0,"1":0},"b":{},"_coverageSchema":"1a1c01bbd47fc00a2c39e90264f33305004495a9","hash":"8fc7fc36d5892c9a931e49ba63c4cb573c811387"}
,"/Users/Aleshalegair/Downloads/abundance-shift/abundance-gps-module/src/components/ReinforcementBecoming.js": {"path":"/Users/Aleshalegair/Downloads/abundance-shift/abundance-gps-module/src/components/ReinforcementBecoming.js","statementMap":{"0":{"start":{"line":16,"column":22},"end":{"line":16,"column":69}},"1":{"start":{"line":16,"column":51},"end":{"line":16,"column":68}},"2":{"start":{"line":17,"column":36},"end":{"line":17,"column":97}},"3":{"start":{"line":17,"column":65},"end":{"line":17,"column":96}},"4":{"start":{"line":18,"column":21},"end":{"line":18,"column":33}},"5":{"start":{"line":20,"column":2},"end":{"line":24,"column":9}},"6":{"start":{"line":21,"column":4},"end":{"line":23,"column":5}},"7":{"start":{"line":22,"column":6},"end":{"line":22,"column":33}},"8":{"start":{"line":27,"column":2},"end":{"line":47,"column":4}},"9":{"start":{"line":50,"column":0},"end":{"line":52,"column":2}}},"fnMap":{"0":{"name":"ReinforcementBecoming","decl":{"start":{"line":15,"column":9},"end":{"line":15,"column":30}},"loc":{"start":{"line":15,"column":47},"end":{"line":48,"column":1}},"line":15},"1":{"name":"(anonymous_1)","decl":{"start":{"line":16,"column":40},"end":{"line":16,"column":41}},"loc":{"start":{"line":16,"column":51},"end":{"line":16,"column":68}},"line":16},"2":{"name":"(anonymous_2)","decl":{"start":{"line":17,"column":54},"end":{"line":17,"column":55}},"loc":{"start":{"line":17,"column":65},"end":{"line":17,"column":96}},"line":17},"3":{"name":"(anonymous_3)","decl":{"start":{"line":20,"column":12},"end":{"line":20,"column":13}},"loc":{"start":{"line":20,"column":18},"end":{"line":24,"column":3}},"line":20}},"branchMap":{"0":{"loc":{"start":{"line":21,"column":4},"end":{"line":23,"column":5}},"type":"if","locations":[{"start":{"line":21,"column":4},"end":{"line":23,"column":5}},{"start":{},"end":{}}],"line":21},"1":{"loc":{"start":{"line":29,"column":7},"end":{"line":33,"column":7}},"type":"binary-expr","locations":[{"start":{"line":29,"column":7},"end":{"line":29,"column":18}},{"start":{"line":30,"column":8},"end":{"line":32,"column":14}}],"line":29},"2":{"loc":{"start":{"line":36,"column":13},"end":{"line":36,"column":45}},"type":"cond-expr","locations":[{"start":{"line":36,"column":28},"end":{"line":36,"column":38}},{"start":{"line":36,"column":41},"end":{"line":36,"column":45}}],"line":36},"3":{"loc":{"start":{"line":37,"column":18},"end":{"line":37,"column":47}},"type":"cond-expr","locations":[{"start":{"line":37,"column":33},"end":{"line":37,"column":35}},{"start":{"line":37,"column":38},"end":{"line":37,"column":47}}],"line":37},"4":{"loc":{"start":{"line":44,"column":9},"end":{"line":44,"column":63}},"type":"cond-expr","locations":[{"start":{"line":44,"column":23},"end":{"line":44,"column":44}},{"start":{"line":44,"column":47},"end":{"line":44,"column":63}}],"line":44}},"s":{"0":0,"1":0,"2":0,"3":0,"4":0,"5":0,"6":0,"7":0,"8":0,"9":2},"f":{"0":0,"1":0,"2":0,"3":0},"b":{"0":[0,0],"1":[0,0],"2":[0,0],"3":[0,0],"4":[0,0]},"_coverageSchema":"1a1c01bbd47fc00a2c39e90264f33305004495a9","hash":"93d5d4d89b494ea28f0ff96c3337a4646661e492"}
,"/Users/Aleshalegair/Downloads/abundance-shift/abundance-gps-module/src/components/WillingnessCalibration.js": {"path":"/Users/Aleshalegair/Downloads/abundance-shift/abundance-gps-module/src/components/WillingnessCalibration.js","statementMap":{"0":{"start":{"line":7,"column":30},"end":{"line":7,"column":85}},"1":{"start":{"line":7,"column":59},"end":{"line":7,"column":84}},"2":{"start":{"line":8,"column":23},"end":{"line":8,"column":75}},"3":{"start":{"line":8,"column":52},"end":{"line":8,"column":74}},"4":{"start":{"line":9,"column":42},"end":{"line":9,"column":70}},"5":{"start":{"line":10,"column":21},"end":{"line":10,"column":33}},"6":{"start":{"line":12,"column":2},"end":{"line":16,"column":9}},"7":{"start":{"line":13,"column":4},"end":{"line":15,"column":5}},"8":{"start":{"line":14,"column":6},"end":{"line":14,"column":33}},"9":{"start":{"line":19,"column":23},"end":{"line":21,"column":3}},"10":{"start":{"line":20,"column":4},"end":{"line":20,"column":38}},"11":{"start":{"line":23,"column":2},"end":{"line":54,"column":4}}},"fnMap":{"0":{"name":"WillingnessCalibration","decl":{"start":{"line":6,"column":9},"end":{"line":6,"column":31}},"loc":{"start":{"line":6,"column":34},"end":{"line":55,"column":1}},"line":6},"1":{"name":"(anonymous_1)","decl":{"start":{"line":7,"column":48},"end":{"line":7,"column":49}},"loc":{"start":{"line":7,"column":59},"end":{"line":7,"column":84}},"line":7},"2":{"name":"(anonymous_2)","decl":{"start":{"line":8,"column":41},"end":{"line":8,"column":42}},"loc":{"start":{"line":8,"column":52},"end":{"line":8,"column":74}},"line":8},"3":{"name":"(anonymous_3)","decl":{"start":{"line":12,"column":12},"end":{"line":12,"column":13}},"loc":{"start":{"line":12,"column":18},"end":{"line":16,"column":3}},"line":12},"4":{"name":"(anonymous_4)","decl":{"start":{"line":19,"column":23},"end":{"line":19,"column":24}},"loc":{"start":{"line":19,"column":29},"end":{"line":21,"column":3}},"line":19}},"branchMap":{"0":{"loc":{"start":{"line":9,"column":51},"end":{"line":9,"column":69}},"type":"binary-expr","locations":[{"start":{"line":9,"column":51},"end":{"line":9,"column":63}},{"start":{"line":9,"column":67},"end":{"line":9,"column":69}}],"line":9},"1":{"loc":{"start":{"line":13,"column":4},"end":{"line":15,"column":5}},"type":"if","locations":[{"start":{"line":13,"column":4},"end":{"line":15,"column":5}},{"start":{},"end":{}}],"line":13},"2":{"loc":{"start":{"line":45,"column":9},"end":{"line":45,"column":112}},"type":"binary-expr","locations":[{"start":{"line":45,"column":9},"end":{"line":45,"column":26}},{"start":{"line":45,"column":30},"end":{"line":45,"column":112}}],"line":45},"3":{"loc":{"start":{"line":46,"column":9},"end":{"line":46,"column":124}},"type":"binary-expr","locations":[{"start":{"line":46,"column":9},"end":{"line":46,"column":27}},{"start":{"line":46,"column":31},"end":{"line":46,"column":48}},{"start":{"line":46,"column":52},"end":{"line":46,"column":124}}],"line":46},"4":{"loc":{"start":{"line":47,"column":9},"end":{"line":47,"column":66}},"type":"binary-expr","locations":[{"start":{"line":47,"column":9},"end":{"line":47,"column":27}},{"start":{"line":47,"column":31},"end":{"line":47,"column":66}}],"line":47}},"s":{"0":0,"1":0,"2":0,"3":0,"4":0,"5":0,"6":0,"7":0,"8":0,"9":0,"10":0,"11":0},"f":{"0":0,"1":0,"2":0,"3":0,"4":0},"b":{"0":[0,0],"1":[0,0],"2":[0,0],"3":[0,0,0],"4":[0,0]},"_coverageSchema":"1a1c01bbd47fc00a2c39e90264f33305004495a9","hash":"3b1ffcf7648b07b542bc70404f2daf38b458d5d6"}
,"/Users/Aleshalegair/Downloads/abundance-shift/abundance-gps-module/src/components/ImmediateReliefPractice/AudioBreatheCue.js": {"path":"/Users/Aleshalegair/Downloads/abundance-shift/abundance-gps-module/src/components/ImmediateReliefPractice/AudioBreatheCue.js","statementMap":{"0":{"start":{"line":8,"column":44},"end":{"line":8,"column":109}},"1":{"start":{"line":8,"column":71},"end":{"line":8,"column":108}},"2":{"start":{"line":9,"column":31},"end":{"line":9,"column":83}},"3":{"start":{"line":9,"column":58},"end":{"line":9,"column":82}},"4":{"start":{"line":11,"column":2},"end":{"line":21,"column":4}}},"fnMap":{"0":{"name":"AudioBreatheCue","decl":{"start":{"line":7,"column":9},"end":{"line":7,"column":24}},"loc":{"start":{"line":7,"column":27},"end":{"line":22,"column":1}},"line":7},"1":{"name":"(anonymous_1)","decl":{"start":{"line":8,"column":62},"end":{"line":8,"column":63}},"loc":{"start":{"line":8,"column":71},"end":{"line":8,"column":108}},"line":8},"2":{"name":"(anonymous_2)","decl":{"start":{"line":9,"column":49},"end":{"line":9,"column":50}},"loc":{"start":{"line":9,"column":58},"end":{"line":9,"column":82}},"line":9}},"branchMap":{},"s":{"0":0,"1":0,"2":0,"3":0,"4":0},"f":{"0":0,"1":0,"2":0},"b":{},"_coverageSchema":"1a1c01bbd47fc00a2c39e90264f33305004495a9","hash":"24ca46f72a4414749bebcd69d9d60e999f96f7d4"}
,"/Users/Aleshalegair/Downloads/abundance-shift/abundance-gps-module/src/components/ImmediateReliefPractice/ImmediateReliefPracticeMenu.js": {"path":"/Users/Aleshalegair/Downloads/abundance-shift/abundance-gps-module/src/components/ImmediateReliefPractice/ImmediateReliefPracticeMenu.js","statementMap":{"0":{"start":{"line":8,"column":41},"end":{"line":8,"column":103}},"1":{"start":{"line":8,"column":68},"end":{"line":8,"column":102}},"2":{"start":{"line":10,"column":2},"end":{"line":20,"column":4}},"3":{"start":{"line":15,"column":34},"end":{"line":15,"column":73}},"4":{"start":{"line":16,"column":34},"end":{"line":16,"column":71}}},"fnMap":{"0":{"name":"ImmediateReliefPracticeMenu","decl":{"start":{"line":7,"column":9},"end":{"line":7,"column":36}},"loc":{"start":{"line":7,"column":39},"end":{"line":21,"column":1}},"line":7},"1":{"name":"(anonymous_1)","decl":{"start":{"line":8,"column":59},"end":{"line":8,"column":60}},"loc":{"start":{"line":8,"column":68},"end":{"line":8,"column":102}},"line":8},"2":{"name":"(anonymous_2)","decl":{"start":{"line":15,"column":28},"end":{"line":15,"column":29}},"loc":{"start":{"line":15,"column":34},"end":{"line":15,"column":73}},"line":15},"3":{"name":"(anonymous_3)","decl":{"start":{"line":16,"column":28},"end":{"line":16,"column":29}},"loc":{"start":{"line":16,"column":34},"end":{"line":16,"column":71}},"line":16}},"branchMap":{},"s":{"0":0,"1":0,"2":0,"3":0,"4":0},"f":{"0":0,"1":0,"2":0,"3":0},"b":{},"_coverageSchema":"1a1c01bbd47fc00a2c39e90264f33305004495a9","hash":"4bc5c34422c81b66ef4d2372041b8f58b87ba066"}
,"/Users/Aleshalegair/Downloads/abundance-shift/abundance-gps-module/src/components/ImmediateReliefPractice/PatternMicroPuzzleRelief.js": {"path":"/Users/Aleshalegair/Downloads/abundance-shift/abundance-gps-module/src/components/ImmediateReliefPractice/PatternMicroPuzzleRelief.js","statementMap":{"0":{"start":{"line":8,"column":44},"end":{"line":8,"column":109}},"1":{"start":{"line":8,"column":71},"end":{"line":8,"column":108}},"2":{"start":{"line":9,"column":31},"end":{"line":9,"column":83}},"3":{"start":{"line":9,"column":58},"end":{"line":9,"column":82}},"4":{"start":{"line":11,"column":2},"end":{"line":21,"column":4}}},"fnMap":{"0":{"name":"PatternMicroPuzzleRelief","decl":{"start":{"line":7,"column":9},"end":{"line":7,"column":33}},"loc":{"start":{"line":7,"column":36},"end":{"line":22,"column":1}},"line":7},"1":{"name":"(anonymous_1)","decl":{"start":{"line":8,"column":62},"end":{"line":8,"column":63}},"loc":{"start":{"line":8,"column":71},"end":{"line":8,"column":108}},"line":8},"2":{"name":"(anonymous_2)","decl":{"start":{"line":9,"column":49},"end":{"line":9,"column":50}},"loc":{"start":{"line":9,"column":58},"end":{"line":9,"column":82}},"line":9}},"branchMap":{},"s":{"0":0,"1":0,"2":0,"3":0,"4":0},"f":{"0":0,"1":0,"2":0},"b":{},"_coverageSchema":"1a1c01bbd47fc00a2c39e90264f33305004495a9","hash":"7fd15cca229d7cac30fe0ccccb87134504d8f728"}
,"/Users/Aleshalegair/Downloads/abundance-shift/abundance-gps-module/src/components/OpennessPrimer/OpennessPrimer.js": {"path":"/Users/Aleshalegair/Downloads/abundance-shift/abundance-gps-module/src/components/OpennessPrimer/OpennessPrimer.js","statementMap":{"0":{"start":{"line":7,"column":26},"end":{"line":7,"column":89}},"1":{"start":{"line":7,"column":53},"end":{"line":7,"column":88}},"2":{"start":{"line":8,"column":19},"end":{"line":8,"column":75}},"3":{"start":{"line":8,"column":46},"end":{"line":8,"column":74}},"4":{"start":{"line":9,"column":36},"end":{"line":9,"column":95}},"5":{"start":{"line":9,"column":63},"end":{"line":9,"column":94}},"6":{"start":{"line":10,"column":32},"end":{"line":10,"column":87}},"7":{"start":{"line":10,"column":59},"end":{"line":10,"column":86}},"8":{"start":{"line":11,"column":21},"end":{"line":11,"column":33}},"9":{"start":{"line":13,"column":2},"end":{"line":17,"column":9}},"10":{"start":{"line":14,"column":4},"end":{"line":16,"column":5}},"11":{"start":{"line":15,"column":8},"end":{"line":15,"column":35}},"12":{"start":{"line":19,"column":24},"end":{"line":21,"column":3}},"13":{"start":{"line":20,"column":4},"end":{"line":20,"column":28}},"14":{"start":{"line":23,"column":24},"end":{"line":28,"column":3}},"15":{"start":{"line":24,"column":22},"end":{"line":24,"column":49}},"16":{"start":{"line":25,"column":4},"end":{"line":27,"column":5}},"17":{"start":{"line":31,"column":2},"end":{"line":49,"column":3}},"18":{"start":{"line":32,"column":4},"end":{"line":32,"column":103}},"19":{"start":{"line":33,"column":9},"end":{"line":49,"column":3}},"20":{"start":{"line":35,"column":4},"end":{"line":46,"column":6}},"21":{"start":{"line":48,"column":4},"end":{"line":48,"column":63}},"22":{"start":{"line":51,"column":2},"end":{"line":59,"column":4}}},"fnMap":{"0":{"name":"OpennessPrimer","decl":{"start":{"line":6,"column":9},"end":{"line":6,"column":23}},"loc":{"start":{"line":6,"column":26},"end":{"line":60,"column":1}},"line":6},"1":{"name":"(anonymous_1)","decl":{"start":{"line":7,"column":44},"end":{"line":7,"column":45}},"loc":{"start":{"line":7,"column":53},"end":{"line":7,"column":88}},"line":7},"2":{"name":"(anonymous_2)","decl":{"start":{"line":8,"column":37},"end":{"line":8,"column":38}},"loc":{"start":{"line":8,"column":46},"end":{"line":8,"column":74}},"line":8},"3":{"name":"(anonymous_3)","decl":{"start":{"line":9,"column":54},"end":{"line":9,"column":55}},"loc":{"start":{"line":9,"column":63},"end":{"line":9,"column":94}},"line":9},"4":{"name":"(anonymous_4)","decl":{"start":{"line":10,"column":50},"end":{"line":10,"column":51}},"loc":{"start":{"line":10,"column":59},"end":{"line":10,"column":86}},"line":10},"5":{"name":"(anonymous_5)","decl":{"start":{"line":13,"column":12},"end":{"line":13,"column":13}},"loc":{"start":{"line":13,"column":18},"end":{"line":17,"column":3}},"line":13},"6":{"name":"(anonymous_6)","decl":{"start":{"line":19,"column":24},"end":{"line":19,"column":25}},"loc":{"start":{"line":19,"column":30},"end":{"line":21,"column":3}},"line":19},"7":{"name":"(anonymous_7)","decl":{"start":{"line":23,"column":24},"end":{"line":23,"column":25}},"loc":{"start":{"line":23,"column":30},"end":{"line":28,"column":3}},"line":23}},"branchMap":{"0":{"loc":{"start":{"line":14,"column":4},"end":{"line":16,"column":5}},"type":"if","locations":[{"start":{"line":14,"column":4},"end":{"line":16,"column":5}},{"start":{},"end":{}}],"line":14},"1":{"loc":{"start":{"line":25,"column":4},"end":{"line":27,"column":5}},"type":"if","locations":[{"start":{"line":25,"column":4},"end":{"line":27,"column":5}},{"start":{},"end":{}}],"line":25},"2":{"loc":{"start":{"line":25,"column":8},"end":{"line":25,"column":80}},"type":"binary-expr","locations":[{"start":{"line":25,"column":8},"end":{"line":25,"column":18}},{"start":{"line":25,"column":22},"end":{"line":25,"column":80}}],"line":25},"3":{"loc":{"start":{"line":31,"column":2},"end":{"line":49,"column":3}},"type":"if","locations":[{"start":{"line":31,"column":2},"end":{"line":49,"column":3}},{"start":{"line":33,"column":9},"end":{"line":49,"column":3}}],"line":31},"4":{"loc":{"start":{"line":33,"column":9},"end":{"line":49,"column":3}},"type":"if","locations":[{"start":{"line":33,"column":9},"end":{"line":49,"column":3}},{"start":{"line":47,"column":9},"end":{"line":49,"column":3}}],"line":33}},"s":{"0":0,"1":0,"2":0,"3":0,"4":0,"5":0,"6":0,"7":0,"8":0,"9":0,"10":0,"11":0,"12":0,"13":0,"14":0,"15":0,"16":0,"17":0,"18":0,"19":0,"20":0,"21":0,"22":0},"f":{"0":0,"1":0,"2":0,"3":0,"4":0,"5":0,"6":0,"7":0},"b":{"0":[0,0],"1":[0,0],"2":[0,0],"3":[0,0],"4":[0,0]},"_coverageSchema":"1a1c01bbd47fc00a2c39e90264f33305004495a9","hash":"e62aa1868920c5daccb98a01b76ded3d17dd9dad"}
,"/Users/Aleshalegair/Downloads/abundance-shift/abundance-gps-module/src/components/OpennessPrimer/PatternAlignmentPuzzle.js": {"path":"/Users/Aleshalegair/Downloads/abundance-shift/abundance-gps-module/src/components/OpennessPrimer/PatternAlignmentPuzzle.js","statementMap":{"0":{"start":{"line":18,"column":38},"end":{"line":18,"column":52}},"1":{"start":{"line":19,"column":52},"end":{"line":19,"column":66}},"2":{"start":{"line":20,"column":34},"end":{"line":20,"column":46}},"3":{"start":{"line":21,"column":20},"end":{"line":21,"column":63}},"4":{"start":{"line":21,"column":47},"end":{"line":21,"column":62}},"5":{"start":{"line":22,"column":18},"end":{"line":22,"column":30}},"6":{"start":{"line":24,"column":2},"end":{"line":31,"column":9}},"7":{"start":{"line":25,"column":4},"end":{"line":25,"column":52}},"8":{"start":{"line":26,"column":4},"end":{"line":26,"column":31}},"9":{"start":{"line":27,"column":4},"end":{"line":27,"column":20}},"10":{"start":{"line":28,"column":4},"end":{"line":30,"column":5}},"11":{"start":{"line":29,"column":8},"end":{"line":29,"column":32}},"12":{"start":{"line":33,"column":56},"end":{"line":33,"column":72}},"13":{"start":{"line":35,"column":31},"end":{"line":51,"column":3}},"14":{"start":{"line":36,"column":4},"end":{"line":36,"column":25}},"15":{"start":{"line":36,"column":18},"end":{"line":36,"column":25}},"16":{"start":{"line":37,"column":4},"end":{"line":37,"column":41}},"17":{"start":{"line":39,"column":4},"end":{"line":50,"column":5}},"18":{"start":{"line":40,"column":6},"end":{"line":40,"column":29}},"19":{"start":{"line":41,"column":6},"end":{"line":41,"column":50}},"20":{"start":{"line":45,"column":6},"end":{"line":45,"column":34}},"21":{"start":{"line":47,"column":6},"end":{"line":47,"column":31}},"22":{"start":{"line":48,"column":6},"end":{"line":48,"column":63}},"23":{"start":{"line":49,"column":6},"end":{"line":49,"column":34}},"24":{"start":{"line":53,"column":23},"end":{"line":64,"column":3}},"25":{"start":{"line":54,"column":17},"end":{"line":54,"column":122}},"26":{"start":{"line":55,"column":4},"end":{"line":59,"column":5}},"27":{"start":{"line":56,"column":6},"end":{"line":56,"column":49}},"28":{"start":{"line":58,"column":6},"end":{"line":58,"column":46}},"29":{"start":{"line":60,"column":4},"end":{"line":62,"column":5}},"30":{"start":{"line":61,"column":8},"end":{"line":61,"column":43}},"31":{"start":{"line":63,"column":4},"end":{"line":63,"column":18}},"32":{"start":{"line":66,"column":2},"end":{"line":68,"column":3}},"33":{"start":{"line":67,"column":4},"end":{"line":67,"column":68}},"34":{"start":{"line":70,"column":2},"end":{"line":129,"column":4}},"35":{"start":{"line":77,"column":10},"end":{"line":98,"column":12}},"36":{"start":{"line":78,"column":34},"end":{"line":78,"column":90}},"37":{"start":{"line":79,"column":43},"end":{"line":79,"column":127}},"38":{"start":{"line":81,"column":12},"end":{"line":97,"column":14}},"39":{"start":{"line":106,"column":12},"end":{"line":119,"column":21}},"40":{"start":{"line":108,"column":29},"end":{"line":108,"column":60}},"41":{"start":{"line":132,"column":0},"end":{"line":135,"column":2}}},"fnMap":{"0":{"name":"PatternAlignmentPuzzle","decl":{"start":{"line":17,"column":9},"end":{"line":17,"column":31}},"loc":{"start":{"line":17,"column":58},"end":{"line":130,"column":1}},"line":17},"1":{"name":"(anonymous_1)","decl":{"start":{"line":21,"column":38},"end":{"line":21,"column":39}},"loc":{"start":{"line":21,"column":47},"end":{"line":21,"column":62}},"line":21},"2":{"name":"(anonymous_2)","decl":{"start":{"line":24,"column":12},"end":{"line":24,"column":13}},"loc":{"start":{"line":24,"column":18},"end":{"line":31,"column":3}},"line":24},"3":{"name":"(anonymous_3)","decl":{"start":{"line":35,"column":31},"end":{"line":35,"column":32}},"loc":{"start":{"line":35,"column":51},"end":{"line":51,"column":3}},"line":35},"4":{"name":"(anonymous_4)","decl":{"start":{"line":53,"column":23},"end":{"line":53,"column":24}},"loc":{"start":{"line":53,"column":60},"end":{"line":64,"column":3}},"line":53},"5":{"name":"(anonymous_5)","decl":{"start":{"line":76,"column":18},"end":{"line":76,"column":19}},"loc":{"start":{"line":77,"column":10},"end":{"line":98,"column":12}},"line":77},"6":{"name":"(anonymous_6)","decl":{"start":{"line":77,"column":18},"end":{"line":77,"column":19}},"loc":{"start":{"line":77,"column":43},"end":{"line":98,"column":11}},"line":77},"7":{"name":"(anonymous_7)","decl":{"start":{"line":105,"column":26},"end":{"line":105,"column":27}},"loc":{"start":{"line":106,"column":12},"end":{"line":119,"column":21}},"line":106},"8":{"name":"(anonymous_8)","decl":{"start":{"line":108,"column":23},"end":{"line":108,"column":24}},"loc":{"start":{"line":108,"column":29},"end":{"line":108,"column":60}},"line":108}},"branchMap":{"0":{"loc":{"start":{"line":28,"column":4},"end":{"line":30,"column":5}},"type":"if","locations":[{"start":{"line":28,"column":4},"end":{"line":30,"column":5}},{"start":{},"end":{}}],"line":28},"1":{"loc":{"start":{"line":33,"column":56},"end":{"line":33,"column":72}},"type":"binary-expr","locations":[{"start":{"line":33,"column":56},"end":{"line":33,"column":66}},{"start":{"line":33,"column":70},"end":{"line":33,"column":72}}],"line":33},"2":{"loc":{"start":{"line":36,"column":4},"end":{"line":36,"column":25}},"type":"if","locations":[{"start":{"line":36,"column":4},"end":{"line":36,"column":25}},{"start":{},"end":{}}],"line":36},"3":{"loc":{"start":{"line":39,"column":4},"end":{"line":50,"column":5}},"type":"if","locations":[{"start":{"line":39,"column":4},"end":{"line":50,"column":5}},{"start":{"line":46,"column":11},"end":{"line":50,"column":5}}],"line":39},"4":{"loc":{"start":{"line":55,"column":4},"end":{"line":59,"column":5}},"type":"if","locations":[{"start":{"line":55,"column":4},"end":{"line":59,"column":5}},{"start":{"line":57,"column":11},"end":{"line":59,"column":5}}],"line":55},"5":{"loc":{"start":{"line":60,"column":4},"end":{"line":62,"column":5}},"type":"if","locations":[{"start":{"line":60,"column":4},"end":{"line":62,"column":5}},{"start":{},"end":{}}],"line":60},"6":{"loc":{"start":{"line":60,"column":8},"end":{"line":60,"column":54}},"type":"binary-expr","locations":[{"start":{"line":60,"column":8},"end":{"line":60,"column":28}},{"start":{"line":60,"column":32},"end":{"line":60,"column":54}}],"line":60},"7":{"loc":{"start":{"line":66,"column":2},"end":{"line":68,"column":3}},"type":"if","locations":[{"start":{"line":66,"column":2},"end":{"line":68,"column":3}},{"start":{},"end":{}}],"line":66},"8":{"loc":{"start":{"line":78,"column":34},"end":{"line":78,"column":90}},"type":"binary-expr","locations":[{"start":{"line":78,"column":34},"end":{"line":78,"column":60}},{"start":{"line":78,"column":64},"end":{"line":78,"column":90}}],"line":78},"9":{"loc":{"start":{"line":79,"column":43},"end":{"line":79,"column":127}},"type":"binary-expr","locations":[{"start":{"line":79,"column":43},"end":{"line":79,"column":65}},{"start":{"line":79,"column":70},"end":{"line":79,"column":96}},{"start":{"line":79,"column":100},"end":{"line":79,"column":126}}],"line":79},"10":{"loc":{"start":{"line":85,"column":28},"end":{"line":85,"column":95}},"type":"cond-expr","locations":[{"start":{"line":85,"column":44},"end":{"line":85,"column":56}},{"start":{"line":85,"column":59},"end":{"line":85,"column":95}}],"line":85},"11":{"loc":{"start":{"line":87,"column":17},"end":{"line":95,"column":17}},"type":"cond-expr","locations":[{"start":{"line":88,"column":18},"end":{"line":92,"column":19}},{"start":{"line":94,"column":18},"end":{"line":94,"column":138}}],"line":87},"12":{"loc":{"start":{"line":88,"column":18},"end":{"line":92,"column":19}},"type":"cond-expr","locations":[{"start":{"line":89,"column":20},"end":{"line":89,"column":117}},{"start":{"line":91,"column":20},"end":{"line":91,"column":89}}],"line":88},"13":{"loc":{"start":{"line":88,"column":18},"end":{"line":88,"column":61}},"type":"binary-expr","locations":[{"start":{"line":88,"column":18},"end":{"line":88,"column":35}},{"start":{"line":88,"column":39},"end":{"line":88,"column":61}}],"line":88},"14":{"loc":{"start":{"line":94,"column":18},"end":{"line":94,"column":138}},"type":"binary-expr","locations":[{"start":{"line":94,"column":18},"end":{"line":94,"column":27}},{"start":{"line":94,"column":31},"end":{"line":94,"column":138}}],"line":94},"15":{"loc":{"start":{"line":112,"column":18},"end":{"line":115,"column":86}},"type":"cond-expr","locations":[{"start":{"line":113,"column":19},"end":{"line":114,"column":109}},{"start":{"line":115,"column":20},"end":{"line":115,"column":86}}],"line":112},"16":{"loc":{"start":{"line":113,"column":19},"end":{"line":114,"column":109}},"type":"cond-expr","locations":[{"start":{"line":113,"column":44},"end":{"line":113,"column":93}},{"start":{"line":114,"column":19},"end":{"line":114,"column":109}}],"line":113},"17":{"loc":{"start":{"line":114,"column":19},"end":{"line":114,"column":109}},"type":"cond-expr","locations":[{"start":{"line":114,"column":46},"end":{"line":114,"column":89}},{"start":{"line":114,"column":92},"end":{"line":114,"column":109}}],"line":114},"18":{"loc":{"start":{"line":116,"column":18},"end":{"line":116,"column":70}},"type":"cond-expr","locations":[{"start":{"line":116,"column":31},"end":{"line":116,"column":51}},{"start":{"line":116,"column":54},"end":{"line":116,"column":70}}],"line":116},"19":{"loc":{"start":{"line":124,"column":7},"end":{"line":126,"column":7}},"type":"binary-expr","locations":[{"start":{"line":124,"column":7},"end":{"line":124,"column":31}},{"start":{"line":125,"column":10},"end":{"line":125,"column":149}}],"line":124}},"s":{"0":0,"1":0,"2":0,"3":0,"4":0,"5":0,"6":0,"7":0,"8":0,"9":0,"10":0,"11":0,"12":0,"13":0,"14":0,"15":0,"16":0,"17":0,"18":0,"19":0,"20":0,"21":0,"22":0,"23":0,"24":0,"25":0,"26":0,"27":0,"28":0,"29":0,"30":0,"31":0,"32":0,"33":0,"34":0,"35":0,"36":0,"37":0,"38":0,"39":0,"40":0,"41":3},"f":{"0":0,"1":0,"2":0,"3":0,"4":0,"5":0,"6":0,"7":0,"8":0},"b":{"0":[0,0],"1":[0,0],"2":[0,0],"3":[0,0],"4":[0,0],"5":[0,0],"6":[0,0],"7":[0,0],"8":[0,0],"9":[0,0,0],"10":[0,0],"11":[0,0],"12":[0,0],"13":[0,0],"14":[0,0],"15":[0,0],"16":[0,0],"17":[0,0],"18":[0,0],"19":[0,0]},"_coverageSchema":"1a1c01bbd47fc00a2c39e90264f33305004495a9","hash":"38531bfda6eb42807f5819ed055ead400b831451"}
,"/Users/Aleshalegair/Downloads/abundance-shift/abundance-gps-module/src/components/OpennessPrimer/SequenceMemoryTap.js": {"path":"/Users/Aleshalegair/Downloads/abundance-shift/abundance-gps-module/src/components/OpennessPrimer/SequenceMemoryTap.js","statementMap":{"0":{"start":{"line":7,"column":20},"end":{"line":7,"column":21}},"1":{"start":{"line":8,"column":24},"end":{"line":8,"column":25}},"2":{"start":{"line":9,"column":25},"end":{"line":9,"column":28}},"3":{"start":{"line":10,"column":31},"end":{"line":10,"column":34}},"4":{"start":{"line":11,"column":30},"end":{"line":11,"column":33}},"5":{"start":{"line":14,"column":24},"end":{"line":19,"column":1}},"6":{"start":{"line":28,"column":34},"end":{"line":28,"column":46}},"7":{"start":{"line":29,"column":36},"end":{"line":29,"column":48}},"8":{"start":{"line":30,"column":42},"end":{"line":30,"column":56}},"9":{"start":{"line":31,"column":46},"end":{"line":31,"column":60}},"10":{"start":{"line":32,"column":52},"end":{"line":32,"column":67}},"11":{"start":{"line":33,"column":38},"end":{"line":33,"column":53}},"12":{"start":{"line":34,"column":44},"end":{"line":34,"column":85}},"13":{"start":{"line":35,"column":20},"end":{"line":35,"column":63}},"14":{"start":{"line":35,"column":47},"end":{"line":35,"column":62}},"15":{"start":{"line":37,"column":70},"end":{"line":40,"column":4}},"16":{"start":{"line":42,"column":21},"end":{"line":42,"column":33}},"17":{"start":{"line":43,"column":21},"end":{"line":43,"column":31}},"18":{"start":{"line":45,"column":27},"end":{"line":52,"column":8}},"19":{"start":{"line":46,"column":24},"end":{"line":46,"column":26}},"20":{"start":{"line":47,"column":4},"end":{"line":49,"column":5}},"21":{"start":{"line":47,"column":17},"end":{"line":47,"column":18}},"22":{"start":{"line":48,"column":6},"end":{"line":48,"column":64}},"23":{"start":{"line":50,"column":4},"end":{"line":50,"column":29}},"24":{"start":{"line":51,"column":4},"end":{"line":51,"column":23}},"25":{"start":{"line":54,"column":23},"end":{"line":76,"column":16}},"26":{"start":{"line":55,"column":4},"end":{"line":55,"column":31}},"27":{"start":{"line":56,"column":4},"end":{"line":56,"column":25}},"28":{"start":{"line":57,"column":4},"end":{"line":57,"column":50}},"29":{"start":{"line":58,"column":4},"end":{"line":58,"column":26}},"30":{"start":{"line":59,"column":4},"end":{"line":59,"column":21}},"31":{"start":{"line":61,"column":4},"end":{"line":70,"column":5}},"32":{"start":{"line":61,"column":17},"end":{"line":61,"column":18}},"33":{"start":{"line":62,"column":26},"end":{"line":62,"column":32}},"34":{"start":{"line":63,"column":6},"end":{"line":63,"column":35}},"35":{"start":{"line":64,"column":6},"end":{"line":64,"column":28}},"36":{"start":{"line":65,"column":6},"end":{"line":65,"column":99}},"37":{"start":{"line":65,"column":35},"end":{"line":65,"column":97}},"38":{"start":{"line":66,"column":6},"end":{"line":66,"column":28}},"39":{"start":{"line":67,"column":6},"end":{"line":69,"column":7}},"40":{"start":{"line":68,"column":10},"end":{"line":68,"column":88}},"41":{"start":{"line":68,"column":39},"end":{"line":68,"column":86}},"42":{"start":{"line":71,"column":4},"end":{"line":71,"column":26}},"43":{"start":{"line":72,"column":4},"end":{"line":72,"column":32}},"44":{"start":{"line":73,"column":4},"end":{"line":73,"column":24}},"45":{"start":{"line":74,"column":4},"end":{"line":74,"column":56}},"46":{"start":{"line":75,"column":4},"end":{"line":75,"column":61}},"47":{"start":{"line":75,"column":31},"end":{"line":75,"column":61}},"48":{"start":{"line":78,"column":28},"end":{"line":123,"column":128}},"49":{"start":{"line":79,"column":4},"end":{"line":79,"column":49}},"50":{"start":{"line":79,"column":42},"end":{"line":79,"column":49}},"51":{"start":{"line":81,"column":4},"end":{"line":87,"column":5}},"52":{"start":{"line":82,"column":8},"end":{"line":82,"column":30}},"53":{"start":{"line":83,"column":8},"end":{"line":86,"column":9}},"54":{"start":{"line":84,"column":13},"end":{"line":84,"column":103}},"55":{"start":{"line":85,"column":13},"end":{"line":85,"column":20}},"56":{"start":{"line":89,"column":4},"end":{"line":89,"column":27}},"57":{"start":{"line":90,"column":4},"end":{"line":90,"column":36}},"58":{"start":{"line":91,"column":4},"end":{"line":91,"column":69}},"59":{"start":{"line":91,"column":21},"end":{"line":91,"column":44}},"60":{"start":{"line":93,"column":25},"end":{"line":93,"column":53}},"61":{"start":{"line":94,"column":4},"end":{"line":94,"column":31}},"62":{"start":{"line":97,"column":4},"end":{"line":109,"column":5}},"63":{"start":{"line":99,"column":6},"end":{"line":99,"column":27}},"64":{"start":{"line":100,"column":6},"end":{"line":100,"column":69}},"65":{"start":{"line":101,"column":6},"end":{"line":101,"column":62}},"66":{"start":{"line":102,"column":6},"end":{"line":107,"column":15}},"67":{"start":{"line":103,"column":8},"end":{"line":103,"column":20}},"68":{"start":{"line":108,"column":6},"end":{"line":108,"column":13}},"69":{"start":{"line":112,"column":4},"end":{"line":122,"column":5}},"70":{"start":{"line":113,"column":6},"end":{"line":113,"column":27}},"71":{"start":{"line":114,"column":6},"end":{"line":114,"column":51}},"72":{"start":{"line":115,"column":6},"end":{"line":115,"column":46}},"73":{"start":{"line":117,"column":6},"end":{"line":117,"column":29}},"74":{"start":{"line":118,"column":6},"end":{"line":121,"column":15}},"75":{"start":{"line":119,"column":10},"end":{"line":119,"column":32}},"76":{"start":{"line":120,"column":10},"end":{"line":120,"column":22}},"77":{"start":{"line":126,"column":2},"end":{"line":142,"column":9}},"78":{"start":{"line":127,"column":4},"end":{"line":127,"column":55}},"79":{"start":{"line":127,"column":28},"end":{"line":127,"column":55}},"80":{"start":{"line":128,"column":4},"end":{"line":128,"column":16}},"81":{"start":{"line":129,"column":19},"end":{"line":129,"column":37}},"82":{"start":{"line":131,"column":4},"end":{"line":131,"column":62}},"83":{"start":{"line":132,"column":18},"end":{"line":139,"column":12}},"84":{"start":{"line":133,"column":8},"end":{"line":138,"column":9}},"85":{"start":{"line":135,"column":12},"end":{"line":135,"column":82}},"86":{"start":{"line":137,"column":12},"end":{"line":137,"column":33}},"87":{"start":{"line":140,"column":4},"end":{"line":140,"column":37}},"88":{"start":{"line":140,"column":17},"end":{"line":140,"column":36}},"89":{"start":{"line":144,"column":30},"end":{"line":154,"column":3}},"90":{"start":{"line":145,"column":4},"end":{"line":147,"column":5}},"91":{"start":{"line":146,"column":8},"end":{"line":146,"column":30}},"92":{"start":{"line":148,"column":4},"end":{"line":153,"column":5}},"93":{"start":{"line":149,"column":8},"end":{"line":149,"column":31}},"94":{"start":{"line":151,"column":23},"end":{"line":151,"column":41}},"95":{"start":{"line":152,"column":8},"end":{"line":152,"column":29}},"96":{"start":{"line":156,"column":2},"end":{"line":206,"column":4}},"97":{"start":{"line":173,"column":10},"end":{"line":196,"column":12}},"98":{"start":{"line":175,"column":23},"end":{"line":175,"column":53}},"99":{"start":{"line":179,"column":27},"end":{"line":179,"column":51}},"100":{"start":{"line":181,"column":16},"end":{"line":184,"column":17}},"101":{"start":{"line":182,"column":20},"end":{"line":182,"column":39}},"102":{"start":{"line":183,"column":20},"end":{"line":183,"column":45}},"103":{"start":{"line":209,"column":0},"end":{"line":212,"column":2}}},"fnMap":{"0":{"name":"SequenceMemoryTap","decl":{"start":{"line":27,"column":9},"end":{"line":27,"column":26}},"loc":{"start":{"line":27,"column":53},"end":{"line":207,"column":1}},"line":27},"1":{"name":"(anonymous_1)","decl":{"start":{"line":35,"column":38},"end":{"line":35,"column":39}},"loc":{"start":{"line":35,"column":47},"end":{"line":35,"column":62}},"line":35},"2":{"name":"(anonymous_2)","decl":{"start":{"line":45,"column":39},"end":{"line":45,"column":40}},"loc":{"start":{"line":45,"column":45},"end":{"line":52,"column":3}},"line":45},"3":{"name":"(anonymous_3)","decl":{"start":{"line":54,"column":35},"end":{"line":54,"column":36}},"loc":{"start":{"line":54,"column":50},"end":{"line":76,"column":3}},"line":54},"4":{"name":"(anonymous_4)","decl":{"start":{"line":65,"column":24},"end":{"line":65,"column":25}},"loc":{"start":{"line":65,"column":35},"end":{"line":65,"column":97}},"line":65},"5":{"name":"(anonymous_5)","decl":{"start":{"line":68,"column":28},"end":{"line":68,"column":29}},"loc":{"start":{"line":68,"column":39},"end":{"line":68,"column":86}},"line":68},"6":{"name":"(anonymous_6)","decl":{"start":{"line":78,"column":40},"end":{"line":78,"column":41}},"loc":{"start":{"line":78,"column":64},"end":{"line":123,"column":3}},"line":78},"7":{"name":"(anonymous_7)","decl":{"start":{"line":91,"column":15},"end":{"line":91,"column":16}},"loc":{"start":{"line":91,"column":21},"end":{"line":91,"column":44}},"line":91},"8":{"name":"(anonymous_8)","decl":{"start":{"line":102,"column":17},"end":{"line":102,"column":18}},"loc":{"start":{"line":102,"column":23},"end":{"line":107,"column":7}},"line":102},"9":{"name":"(anonymous_9)","decl":{"start":{"line":118,"column":17},"end":{"line":118,"column":18}},"loc":{"start":{"line":118,"column":23},"end":{"line":121,"column":7}},"line":118},"10":{"name":"(anonymous_10)","decl":{"start":{"line":126,"column":12},"end":{"line":126,"column":13}},"loc":{"start":{"line":126,"column":18},"end":{"line":142,"column":3}},"line":126},"11":{"name":"(anonymous_11)","decl":{"start":{"line":132,"column":29},"end":{"line":132,"column":30}},"loc":{"start":{"line":132,"column":35},"end":{"line":139,"column":5}},"line":132},"12":{"name":"(anonymous_12)","decl":{"start":{"line":140,"column":11},"end":{"line":140,"column":12}},"loc":{"start":{"line":140,"column":17},"end":{"line":140,"column":36}},"line":140},"13":{"name":"(anonymous_13)","decl":{"start":{"line":144,"column":30},"end":{"line":144,"column":31}},"loc":{"start":{"line":144,"column":42},"end":{"line":154,"column":3}},"line":144},"14":{"name":"(anonymous_14)","decl":{"start":{"line":172,"column":29},"end":{"line":172,"column":30}},"loc":{"start":{"line":173,"column":10},"end":{"line":196,"column":12}},"line":173},"15":{"name":"(anonymous_15)","decl":{"start":{"line":175,"column":17},"end":{"line":175,"column":18}},"loc":{"start":{"line":175,"column":23},"end":{"line":175,"column":53}},"line":175},"16":{"name":"(anonymous_16)","decl":{"start":{"line":179,"column":21},"end":{"line":179,"column":22}},"loc":{"start":{"line":179,"column":27},"end":{"line":179,"column":51}},"line":179},"17":{"name":"(anonymous_17)","decl":{"start":{"line":180,"column":23},"end":{"line":180,"column":24}},"loc":{"start":{"line":180,"column":30},"end":{"line":185,"column":13}},"line":180}},"branchMap":{"0":{"loc":{"start":{"line":67,"column":6},"end":{"line":69,"column":7}},"type":"if","locations":[{"start":{"line":67,"column":6},"end":{"line":69,"column":7}},{"start":{},"end":{}}],"line":67},"1":{"loc":{"start":{"line":75,"column":4},"end":{"line":75,"column":61}},"type":"if","locations":[{"start":{"line":75,"column":4},"end":{"line":75,"column":61}},{"start":{},"end":{}}],"line":75},"2":{"loc":{"start":{"line":79,"column":4},"end":{"line":79,"column":49}},"type":"if","locations":[{"start":{"line":79,"column":4},"end":{"line":79,"column":49}},{"start":{},"end":{}}],"line":79},"3":{"loc":{"start":{"line":79,"column":8},"end":{"line":79,"column":40}},"type":"binary-expr","locations":[{"start":{"line":79,"column":8},"end":{"line":79,"column":19}},{"start":{"line":79,"column":23},"end":{"line":79,"column":40}}],"line":79},"4":{"loc":{"start":{"line":81,"column":4},"end":{"line":87,"column":5}},"type":"if","locations":[{"start":{"line":81,"column":4},"end":{"line":87,"column":5}},{"start":{},"end":{}}],"line":81},"5":{"loc":{"start":{"line":83,"column":8},"end":{"line":86,"column":9}},"type":"if","locations":[{"start":{"line":83,"column":8},"end":{"line":86,"column":9}},{"start":{},"end":{}}],"line":83},"6":{"loc":{"start":{"line":83,"column":12},"end":{"line":83,"column":35}},"type":"binary-expr","locations":[{"start":{"line":83,"column":12},"end":{"line":83,"column":23}},{"start":{"line":83,"column":27},"end":{"line":83,"column":35}}],"line":83},"7":{"loc":{"start":{"line":97,"column":4},"end":{"line":109,"column":5}},"type":"if","locations":[{"start":{"line":97,"column":4},"end":{"line":109,"column":5}},{"start":{},"end":{}}],"line":97},"8":{"loc":{"start":{"line":112,"column":4},"end":{"line":122,"column":5}},"type":"if","locations":[{"start":{"line":112,"column":4},"end":{"line":122,"column":5}},{"start":{},"end":{}}],"line":112},"9":{"loc":{"start":{"line":127,"column":4},"end":{"line":127,"column":55}},"type":"if","locations":[{"start":{"line":127,"column":4},"end":{"line":127,"column":55}},{"start":{},"end":{}}],"line":127},"10":{"loc":{"start":{"line":133,"column":8},"end":{"line":138,"column":9}},"type":"if","locations":[{"start":{"line":133,"column":8},"end":{"line":138,"column":9}},{"start":{"line":136,"column":15},"end":{"line":138,"column":9}}],"line":133},"11":{"loc":{"start":{"line":145,"column":4},"end":{"line":147,"column":5}},"type":"if","locations":[{"start":{"line":145,"column":4},"end":{"line":147,"column":5}},{"start":{},"end":{}}],"line":145},"12":{"loc":{"start":{"line":148,"column":4},"end":{"line":153,"column":5}},"type":"if","locations":[{"start":{"line":148,"column":4},"end":{"line":153,"column":5}},{"start":{"line":150,"column":11},"end":{"line":153,"column":5}}],"line":148},"13":{"loc":{"start":{"line":165,"column":7},"end":{"line":169,"column":7}},"type":"binary-expr","locations":[{"start":{"line":165,"column":7},"end":{"line":165,"column":18}},{"start":{"line":165,"column":22},"end":{"line":165,"column":40}},{"start":{"line":166,"column":8},"end":{"line":168,"column":17}}],"line":165},"14":{"loc":{"start":{"line":177,"column":26},"end":{"line":177,"column":76}},"type":"binary-expr","locations":[{"start":{"line":177,"column":26},"end":{"line":177,"column":48}},{"start":{"line":177,"column":52},"end":{"line":177,"column":76}}],"line":177},"15":{"loc":{"start":{"line":178,"column":22},"end":{"line":178,"column":54}},"type":"binary-expr","locations":[{"start":{"line":178,"column":22},"end":{"line":178,"column":33}},{"start":{"line":178,"column":37},"end":{"line":178,"column":54}}],"line":178},"16":{"loc":{"start":{"line":181,"column":16},"end":{"line":184,"column":17}},"type":"if","locations":[{"start":{"line":181,"column":16},"end":{"line":184,"column":17}},{"start":{},"end":{}}],"line":181},"17":{"loc":{"start":{"line":181,"column":20},"end":{"line":181,"column":54}},"type":"binary-expr","locations":[{"start":{"line":181,"column":20},"end":{"line":181,"column":37}},{"start":{"line":181,"column":41},"end":{"line":181,"column":54}}],"line":181},"18":{"loc":{"start":{"line":190,"column":16},"end":{"line":192,"column":89}},"type":"cond-expr","locations":[{"start":{"line":190,"column":99},"end":{"line":190,"column":122}},{"start":{"line":191,"column":16},"end":{"line":192,"column":89}}],"line":190},"19":{"loc":{"start":{"line":190,"column":17},"end":{"line":190,"column":95}},"type":"binary-expr","locations":[{"start":{"line":190,"column":17},"end":{"line":190,"column":39}},{"start":{"line":190,"column":44},"end":{"line":190,"column":66}},{"start":{"line":190,"column":70},"end":{"line":190,"column":94}}],"line":190},"20":{"loc":{"start":{"line":191,"column":16},"end":{"line":192,"column":89}},"type":"cond-expr","locations":[{"start":{"line":191,"column":45},"end":{"line":191,"column":69}},{"start":{"line":192,"column":16},"end":{"line":192,"column":89}}],"line":191},"21":{"loc":{"start":{"line":193,"column":16},"end":{"line":193,"column":103}},"type":"cond-expr","locations":[{"start":{"line":193,"column":53},"end":{"line":193,"column":84}},{"start":{"line":193,"column":87},"end":{"line":193,"column":103}}],"line":193},"22":{"loc":{"start":{"line":193,"column":17},"end":{"line":193,"column":49}},"type":"binary-expr","locations":[{"start":{"line":193,"column":17},"end":{"line":193,"column":28}},{"start":{"line":193,"column":32},"end":{"line":193,"column":49}}],"line":193},"23":{"loc":{"start":{"line":194,"column":16},"end":{"line":194,"column":144}},"type":"cond-expr","locations":[{"start":{"line":194,"column":126},"end":{"line":194,"column":139}},{"start":{"line":194,"column":142},"end":{"line":194,"column":144}}],"line":194},"24":{"loc":{"start":{"line":194,"column":17},"end":{"line":194,"column":122}},"type":"binary-expr","locations":[{"start":{"line":194,"column":17},"end":{"line":194,"column":41}},{"start":{"line":194,"column":45},"end":{"line":194,"column":83}},{"start":{"line":194,"column":87},"end":{"line":194,"column":122}}],"line":194}},"s":{"0":2,"1":2,"2":2,"3":2,"4":2,"5":2,"6":0,"7":0,"8":0,"9":0,"10":0,"11":0,"12":0,"13":0,"14":0,"15":0,"16":0,"17":0,"18":0,"19":0,"20":0,"21":0,"22":0,"23":0,"24":0,"25":0,"26":0,"27":0,"28":0,"29":0,"30":0,"31":0,"32":0,"33":0,"34":0,"35":0,"36":0,"37":0,"38":0,"39":0,"40":0,"41":0,"42":0,"43":0,"44":0,"45":0,"46":0,"47":0,"48":0,"49":0,"50":0,"51":0,"52":0,"53":0,"54":0,"55":0,"56":0,"57":0,"58":0,"59":0,"60":0,"61":0,"62":0,"63":0,"64":0,"65":0,"66":0,"67":0,"68":0,"69":0,"70":0,"71":0,"72":0,"73":0,"74":0,"75":0,"76":0,"77":0,"78":0,"79":0,"80":0,"81":0,"82":0,"83":0,"84":0,"85":0,"86":0,"87":0,"88":0,"89":0,"90":0,"91":0,"92":0,"93":0,"94":0,"95":0,"96":0,"97":0,"98":0,"99":0,"100":0,"101":0,"102":0,"103":2},"f":{"0":0,"1":0,"2":0,"3":0,"4":0,"5":0,"6":0,"7":0,"8":0,"9":0,"10":0,"11":0,"12":0,"13":0,"14":0,"15":0,"16":0,"17":0},"b":{"0":[0,0],"1":[0,0],"2":[0,0],"3":[0,0],"4":[0,0],"5":[0,0],"6":[0,0],"7":[0,0],"8":[0,0],"9":[0,0],"10":[0,0],"11":[0,0],"12":[0,0],"13":[0,0,0],"14":[0,0],"15":[0,0],"16":[0,0],"17":[0,0],"18":[0,0],"19":[0,0,0],"20":[0,0],"21":[0,0],"22":[0,0],"23":[0,0],"24":[0,0,0]},"_coverageSchema":"1a1c01bbd47fc00a2c39e90264f33305004495a9","hash":"f178aa6ca9a92a757e45ce99bf4a7cec5e6018fc"}
,"/Users/Aleshalegair/Downloads/abundance-shift/abundance-gps-module/src/components/PerceptionWorkshop/ActivePerceptionReframingWorkshop.js": {"path":"/Users/Aleshalegair/Downloads/abundance-shift/abundance-gps-module/src/components/PerceptionWorkshop/ActivePerceptionReframingWorkshop.js","statementMap":{"0":{"start":{"line":9,"column":22},"end":{"line":14,"column":1}},"1":{"start":{"line":17,"column":40},"end":{"line":17,"column":72}},"2":{"start":{"line":18,"column":30},"end":{"line":18,"column":83}},"3":{"start":{"line":18,"column":57},"end":{"line":18,"column":82}},"4":{"start":{"line":19,"column":21},"end":{"line":19,"column":33}},"5":{"start":{"line":21,"column":2},"end":{"line":23,"column":20}},"6":{"start":{"line":22,"column":4},"end":{"line":22,"column":55}},"7":{"start":{"line":22,"column":28},"end":{"line":22,"column":55}},"8":{"start":{"line":25,"column":19},"end":{"line":42,"column":3}},"9":{"start":{"line":26,"column":4},"end":{"line":41,"column":5}},"10":{"start":{"line":28,"column":8},"end":{"line":28,"column":47}},"11":{"start":{"line":29,"column":8},"end":{"line":29,"column":14}},"12":{"start":{"line":31,"column":8},"end":{"line":31,"column":54}},"13":{"start":{"line":32,"column":8},"end":{"line":32,"column":14}},"14":{"start":{"line":34,"column":8},"end":{"line":34,"column":52}},"15":{"start":{"line":35,"column":8},"end":{"line":35,"column":14}},"16":{"start":{"line":37,"column":8},"end":{"line":37,"column":30}},"17":{"start":{"line":38,"column":8},"end":{"line":38,"column":14}},"18":{"start":{"line":40,"column":8},"end":{"line":40,"column":14}},"19":{"start":{"line":44,"column":19},"end":{"line":58,"column":3}},"20":{"start":{"line":45,"column":5},"end":{"line":57,"column":5}},"21":{"start":{"line":47,"column":8},"end":{"line":47,"column":47}},"22":{"start":{"line":48,"column":8},"end":{"line":48,"column":14}},"23":{"start":{"line":50,"column":8},"end":{"line":50,"column":47}},"24":{"start":{"line":51,"column":8},"end":{"line":51,"column":14}},"25":{"start":{"line":53,"column":8},"end":{"line":53,"column":54}},"26":{"start":{"line":54,"column":8},"end":{"line":54,"column":14}},"27":{"start":{"line":56,"column":8},"end":{"line":56,"column":14}},"28":{"start":{"line":60,"column":2},"end":{"line":80,"column":4}},"29":{"start":{"line":69,"column":10},"end":{"line":69,"column":181}}},"fnMap":{"0":{"name":"ActivePerceptionReframingWorkshop","decl":{"start":{"line":16,"column":9},"end":{"line":16,"column":42}},"loc":{"start":{"line":16,"column":45},"end":{"line":81,"column":1}},"line":16},"1":{"name":"(anonymous_1)","decl":{"start":{"line":18,"column":48},"end":{"line":18,"column":49}},"loc":{"start":{"line":18,"column":57},"end":{"line":18,"column":82}},"line":18},"2":{"name":"(anonymous_2)","decl":{"start":{"line":21,"column":12},"end":{"line":21,"column":13}},"loc":{"start":{"line":21,"column":18},"end":{"line":23,"column":3}},"line":21},"3":{"name":"(anonymous_3)","decl":{"start":{"line":25,"column":19},"end":{"line":25,"column":20}},"loc":{"start":{"line":25,"column":25},"end":{"line":42,"column":3}},"line":25},"4":{"name":"(anonymous_4)","decl":{"start":{"line":44,"column":19},"end":{"line":44,"column":20}},"loc":{"start":{"line":44,"column":25},"end":{"line":58,"column":3}},"line":44},"5":{"name":"(anonymous_5)","decl":{"start":{"line":68,"column":42},"end":{"line":68,"column":43}},"loc":{"start":{"line":69,"column":10},"end":{"line":69,"column":181}},"line":69}},"branchMap":{"0":{"loc":{"start":{"line":22,"column":4},"end":{"line":22,"column":55}},"type":"if","locations":[{"start":{"line":22,"column":4},"end":{"line":22,"column":55}},{"start":{},"end":{}}],"line":22},"1":{"loc":{"start":{"line":26,"column":4},"end":{"line":41,"column":5}},"type":"switch","locations":[{"start":{"line":27,"column":6},"end":{"line":29,"column":14}},{"start":{"line":30,"column":6},"end":{"line":32,"column":14}},{"start":{"line":33,"column":6},"end":{"line":35,"column":14}},{"start":{"line":36,"column":6},"end":{"line":38,"column":14}},{"start":{"line":39,"column":6},"end":{"line":40,"column":14}}],"line":26},"2":{"loc":{"start":{"line":45,"column":5},"end":{"line":57,"column":5}},"type":"switch","locations":[{"start":{"line":46,"column":6},"end":{"line":48,"column":14}},{"start":{"line":49,"column":6},"end":{"line":51,"column":14}},{"start":{"line":52,"column":6},"end":{"line":54,"column":14}},{"start":{"line":55,"column":6},"end":{"line":56,"column":14}}],"line":45},"3":{"loc":{"start":{"line":69,"column":63},"end":{"line":69,"column":171}},"type":"cond-expr","locations":[{"start":{"line":69,"column":124},"end":{"line":69,"column":137}},{"start":{"line":69,"column":140},"end":{"line":69,"column":171}}],"line":69},"4":{"loc":{"start":{"line":73,"column":7},"end":{"line":73,"column":97}},"type":"binary-expr","locations":[{"start":{"line":73,"column":7},"end":{"line":73,"column":45}},{"start":{"line":73,"column":49},"end":{"line":73,"column":97}}],"line":73},"5":{"loc":{"start":{"line":74,"column":7},"end":{"line":74,"column":110}},"type":"binary-expr","locations":[{"start":{"line":74,"column":7},"end":{"line":74,"column":45}},{"start":{"line":74,"column":49},"end":{"line":74,"column":110}}],"line":74},"6":{"loc":{"start":{"line":75,"column":7},"end":{"line":75,"column":125}},"type":"binary-expr","locations":[{"start":{"line":75,"column":7},"end":{"line":75,"column":52}},{"start":{"line":75,"column":56},"end":{"line":75,"column":125}}],"line":75},"7":{"loc":{"start":{"line":76,"column":7},"end":{"line":76,"column":109}},"type":"binary-expr","locations":[{"start":{"line":76,"column":7},"end":{"line":76,"column":50}},{"start":{"line":76,"column":54},"end":{"line":76,"column":109}}],"line":76}},"s":{"0":2,"1":0,"2":0,"3":0,"4":0,"5":0,"6":0,"7":0,"8":0,"9":0,"10":0,"11":0,"12":0,"13":0,"14":0,"15":0,"16":0,"17":0,"18":0,"19":0,"20":0,"21":0,"22":0,"23":0,"24":0,"25":0,"26":0,"27":0,"28":0,"29":0},"f":{"0":0,"1":0,"2":0,"3":0,"4":0,"5":0},"b":{"0":[0,0],"1":[0,0,0,0,0],"2":[0,0,0,0],"3":[0,0],"4":[0,0],"5":[0,0],"6":[0,0],"7":[0,0]},"_coverageSchema":"1a1c01bbd47fc00a2c39e90264f33305004495a9","hash":"891c2c6f5b7e47af04e56677c52af60e038cd41e"}
,"/Users/Aleshalegair/Downloads/abundance-shift/abundance-gps-module/src/components/PerceptionWorkshop/AlternativeFrameGeneration.js": {"path":"/Users/Aleshalegair/Downloads/abundance-shift/abundance-gps-module/src/components/PerceptionWorkshop/AlternativeFrameGeneration.js","statementMap":{"0":{"start":{"line":9,"column":2},"end":{"line":18,"column":4}},"1":{"start":{"line":21,"column":0},"end":{"line":24,"column":2}}},"fnMap":{"0":{"name":"AlternativeFrameGeneration","decl":{"start":{"line":8,"column":9},"end":{"line":8,"column":35}},"loc":{"start":{"line":8,"column":60},"end":{"line":19,"column":1}},"line":8}},"branchMap":{},"s":{"0":0,"1":3},"f":{"0":0},"b":{},"_coverageSchema":"1a1c01bbd47fc00a2c39e90264f33305004495a9","hash":"f7e5465fb73e46fd03b7aa8c89007677a605f1c4"}
,"/Users/Aleshalegair/Downloads/abundance-shift/abundance-gps-module/src/components/PerceptionWorkshop/CommitAnchor.js": {"path":"/Users/Aleshalegair/Downloads/abundance-shift/abundance-gps-module/src/components/PerceptionWorkshop/CommitAnchor.js","statementMap":{"0":{"start":{"line":9,"column":2},"end":{"line":18,"column":4}},"1":{"start":{"line":21,"column":0},"end":{"line":24,"column":2}}},"fnMap":{"0":{"name":"CommitAnchor","decl":{"start":{"line":8,"column":9},"end":{"line":8,"column":21}},"loc":{"start":{"line":8,"column":46},"end":{"line":19,"column":1}},"line":8}},"branchMap":{},"s":{"0":0,"1":2},"f":{"0":0},"b":{},"_coverageSchema":"1a1c01bbd47fc00a2c39e90264f33305004495a9","hash":"b8a76f75bd44264621a4eddff150722e264ad1e1"}
,"/Users/Aleshalegair/Downloads/abundance-shift/abundance-gps-module/src/components/PerceptionWorkshop/EvidenceInventory.js": {"path":"/Users/Aleshalegair/Downloads/abundance-shift/abundance-gps-module/src/components/PerceptionWorkshop/EvidenceInventory.js","statementMap":{"0":{"start":{"line":9,"column":2},"end":{"line":18,"column":4}},"1":{"start":{"line":21,"column":0},"end":{"line":24,"column":2}}},"fnMap":{"0":{"name":"EvidenceInventory","decl":{"start":{"line":8,"column":9},"end":{"line":8,"column":26}},"loc":{"start":{"line":8,"column":51},"end":{"line":19,"column":1}},"line":8}},"branchMap":{},"s":{"0":0,"1":3},"f":{"0":0},"b":{},"_coverageSchema":"1a1c01bbd47fc00a2c39e90264f33305004495a9","hash":"a5bb9bb26015180c81a2f117952c26a06c2910b2"}
,"/Users/Aleshalegair/Downloads/abundance-shift/abundance-gps-module/src/components/PerceptionWorkshop/IdentifyInterpretation.js": {"path":"/Users/Aleshalegair/Downloads/abundance-shift/abundance-gps-module/src/components/PerceptionWorkshop/IdentifyInterpretation.js","statementMap":{"0":{"start":{"line":9,"column":2},"end":{"line":17,"column":4}},"1":{"start":{"line":20,"column":0},"end":{"line":22,"column":2}}},"fnMap":{"0":{"name":"IdentifyInterpretation","decl":{"start":{"line":8,"column":9},"end":{"line":8,"column":31}},"loc":{"start":{"line":8,"column":48},"end":{"line":18,"column":1}},"line":8}},"branchMap":{},"s":{"0":0,"1":3},"f":{"0":0},"b":{},"_coverageSchema":"1a1c01bbd47fc00a2c39e90264f33305004495a9","hash":"0dc8c425cec11e4234235c8c13f842835c6a5553"}
,"/Users/Aleshalegair/Downloads/abundance-shift/abundance-gps-module/src/components/common/Button.js": {"path":"/Users/Aleshalegair/Downloads/abundance-shift/abundance-gps-module/src/components/common/Button.js","statementMap":{"0":{"start":{"line":21,"column":21},"end":{"line":21,"column":175}},"1":{"start":{"line":23,"column":24},"end":{"line":28,"column":3}},"2":{"start":{"line":30,"column":21},"end":{"line":34,"column":3}},"3":{"start":{"line":36,"column":25},"end":{"line":36,"column":56}},"4":{"start":{"line":38,"column":2},"end":{"line":54,"column":4}},"5":{"start":{"line":57,"column":0},"end":{"line":66,"column":2}}},"fnMap":{"0":{"name":"Button","decl":{"start":{"line":20,"column":9},"end":{"line":20,"column":15}},"loc":{"start":{"line":20,"column":135},"end":{"line":55,"column":1}},"line":20}},"branchMap":{"0":{"loc":{"start":{"line":20,"column":37},"end":{"line":20,"column":56}},"type":"default-arg","locations":[{"start":{"line":20,"column":47},"end":{"line":20,"column":56}}],"line":20},"1":{"loc":{"start":{"line":20,"column":58},"end":{"line":20,"column":69}},"type":"default-arg","locations":[{"start":{"line":20,"column":65},"end":{"line":20,"column":69}}],"line":20},"2":{"loc":{"start":{"line":20,"column":71},"end":{"line":20,"column":87}},"type":"default-arg","locations":[{"start":{"line":20,"column":82},"end":{"line":20,"column":87}}],"line":20},"3":{"loc":{"start":{"line":20,"column":89},"end":{"line":20,"column":103}},"type":"default-arg","locations":[{"start":{"line":20,"column":101},"end":{"line":20,"column":103}}],"line":20},"4":{"loc":{"start":{"line":20,"column":105},"end":{"line":20,"column":120}},"type":"default-arg","locations":[{"start":{"line":20,"column":112},"end":{"line":20,"column":120}}],"line":20},"5":{"loc":{"start":{"line":43,"column":18},"end":{"line":43,"column":84}},"type":"binary-expr","locations":[{"start":{"line":43,"column":18},"end":{"line":43,"column":27}},{"start":{"line":43,"column":32},"end":{"line":43,"column":83}}],"line":43},"6":{"loc":{"start":{"line":43,"column":32},"end":{"line":43,"column":83}},"type":"cond-expr","locations":[{"start":{"line":43,"column":63},"end":{"line":43,"column":71}},{"start":{"line":43,"column":74},"end":{"line":43,"column":83}}],"line":43},"7":{"loc":{"start":{"line":48,"column":10},"end":{"line":48,"column":40}},"type":"cond-expr","locations":[{"start":{"line":48,"column":21},"end":{"line":48,"column":35}},{"start":{"line":48,"column":38},"end":{"line":48,"column":40}}],"line":48}},"s":{"0":0,"1":0,"2":0,"3":0,"4":0,"5":6},"f":{"0":0},"b":{"0":[0],"1":[0],"2":[0],"3":[0],"4":[0],"5":[0,0],"6":[0,0],"7":[0,0]},"_coverageSchema":"1a1c01bbd47fc00a2c39e90264f33305004495a9","hash":"34522699cc85e7cfe6ed362f1bd319feb4f35232"}
,"/Users/Aleshalegair/Downloads/abundance-shift/abundance-gps-module/src/components/common/Icon.js": {"path":"/Users/Aleshalegair/Downloads/abundance-shift/abundance-gps-module/src/components/common/Icon.js","statementMap":{"0":{"start":{"line":4,"column":2},"end":{"line":7,"column":4}}},"fnMap":{"0":{"name":"Icon","decl":{"start":{"line":3,"column":9},"end":{"line":3,"column":13}},"loc":{"start":{"line":3,"column":16},"end":{"line":8,"column":1}},"line":3}},"branchMap":{},"s":{"0":0},"f":{"0":0},"b":{}}
,"/Users/Aleshalegair/Downloads/abundance-shift/abundance-gps-module/src/components/common/LoadingSpinner.js": {"path":"/Users/Aleshalegair/Downloads/abundance-shift/abundance-gps-module/src/components/common/LoadingSpinner.js","statementMap":{"0":{"start":{"line":4,"column":2},"end":{"line":9,"column":4}}},"fnMap":{"0":{"name":"LoadingSpinner","decl":{"start":{"line":3,"column":9},"end":{"line":3,"column":23}},"loc":{"start":{"line":3,"column":26},"end":{"line":10,"column":1}},"line":3}},"branchMap":{},"s":{"0":0},"f":{"0":0},"b":{}}
,"/Users/Aleshalegair/Downloads/abundance-shift/abundance-gps-module/src/components/common/Modal.js": {"path":"/Users/Aleshalegair/Downloads/abundance-shift/abundance-gps-module/src/components/common/Modal.js","statementMap":{"0":{"start":{"line":8,"column":2},"end":{"line":8,"column":27}},"1":{"start":{"line":8,"column":15},"end":{"line":8,"column":27}},"2":{"start":{"line":10,"column":2},"end":{"line":17,"column":4}},"3":{"start":{"line":20,"column":0},"end":{"line":24,"column":2}}},"fnMap":{"0":{"name":"Modal","decl":{"start":{"line":7,"column":9},"end":{"line":7,"column":14}},"loc":{"start":{"line":7,"column":46},"end":{"line":18,"column":1}},"line":7}},"branchMap":{"0":{"loc":{"start":{"line":8,"column":2},"end":{"line":8,"column":27}},"type":"if","locations":[{"start":{"line":8,"column":2},"end":{"line":8,"column":27}},{"start":{},"end":{}}],"line":8}},"s":{"0":0,"1":0,"2":0,"3":0},"f":{"0":0},"b":{"0":[0,0]}}
,"/Users/Aleshalegair/Downloads/abundance-shift/abundance-gps-module/src/components/common/Slider.js": {"path":"/Users/Aleshalegair/Downloads/abundance-shift/abundance-gps-module/src/components/common/Slider.js","statementMap":{"0":{"start":{"line":22,"column":23},"end":{"line":24,"column":3}},"1":{"start":{"line":23,"column":4},"end":{"line":23,"column":41}},"2":{"start":{"line":26,"column":2},"end":{"line":56,"column":4}},"3":{"start":{"line":59,"column":0},"end":{"line":69,"column":2}}},"fnMap":{"0":{"name":"Slider","decl":{"start":{"line":21,"column":9},"end":{"line":21,"column":15}},"loc":{"start":{"line":21,"column":112},"end":{"line":57,"column":1}},"line":21},"1":{"name":"(anonymous_1)","decl":{"start":{"line":22,"column":23},"end":{"line":22,"column":24}},"loc":{"start":{"line":22,"column":34},"end":{"line":24,"column":3}},"line":22}},"branchMap":{"0":{"loc":{"start":{"line":21,"column":46},"end":{"line":21,"column":53}},"type":"default-arg","locations":[{"start":{"line":21,"column":52},"end":{"line":21,"column":53}}],"line":21},"1":{"loc":{"start":{"line":21,"column":55},"end":{"line":21,"column":64}},"type":"default-arg","locations":[{"start":{"line":21,"column":61},"end":{"line":21,"column":64}}],"line":21},"2":{"loc":{"start":{"line":21,"column":66},"end":{"line":21,"column":74}},"type":"default-arg","locations":[{"start":{"line":21,"column":73},"end":{"line":21,"column":74}}],"line":21},"3":{"loc":{"start":{"line":21,"column":76},"end":{"line":21,"column":92}},"type":"default-arg","locations":[{"start":{"line":21,"column":88},"end":{"line":21,"column":92}}],"line":21},"4":{"loc":{"start":{"line":21,"column":94},"end":{"line":21,"column":108}},"type":"default-arg","locations":[{"start":{"line":21,"column":106},"end":{"line":21,"column":108}}],"line":21},"5":{"loc":{"start":{"line":47,"column":9},"end":{"line":51,"column":9}},"type":"binary-expr","locations":[{"start":{"line":47,"column":9},"end":{"line":47,"column":18}},{"start":{"line":48,"column":10},"end":{"line":50,"column":17}}],"line":47}},"s":{"0":0,"1":0,"2":0,"3":2},"f":{"0":0,"1":0},"b":{"0":[0],"1":[0],"2":[0],"3":[0],"4":[0],"5":[0,0]},"_coverageSchema":"1a1c01bbd47fc00a2c39e90264f33305004495a9","hash":"348021e3b974d94ffa3897032459a9b3a444cdae"}
,"/Users/Aleshalegair/Downloads/abundance-shift/abundance-gps-module/src/components/common/StarRating.js": {"path":"/Users/Aleshalegair/Downloads/abundance-shift/abundance-gps-module/src/components/common/StarRating.js","statementMap":{"0":{"start":{"line":8,"column":16},"end":{"line":23,"column":4}},"1":{"start":{"line":9,"column":22},"end":{"line":9,"column":31}},"2":{"start":{"line":10,"column":4},"end":{"line":22,"column":6}},"3":{"start":{"line":16,"column":23},"end":{"line":16,"column":79}},"4":{"start":{"line":25,"column":2},"end":{"line":25,"column":55}},"5":{"start":{"line":28,"column":0},"end":{"line":33,"column":2}}},"fnMap":{"0":{"name":"StarRating","decl":{"start":{"line":7,"column":9},"end":{"line":7,"column":19}},"loc":{"start":{"line":7,"column":80},"end":{"line":26,"column":1}},"line":7},"1":{"name":"(anonymous_1)","decl":{"start":{"line":8,"column":49},"end":{"line":8,"column":50}},"loc":{"start":{"line":8,"column":63},"end":{"line":23,"column":3}},"line":8},"2":{"name":"(anonymous_2)","decl":{"start":{"line":16,"column":17},"end":{"line":16,"column":18}},"loc":{"start":{"line":16,"column":23},"end":{"line":16,"column":79}},"line":16}},"branchMap":{"0":{"loc":{"start":{"line":7,"column":46},"end":{"line":7,"column":58}},"type":"default-arg","locations":[{"start":{"line":7,"column":57},"end":{"line":7,"column":58}}],"line":7},"1":{"loc":{"start":{"line":7,"column":60},"end":{"line":7,"column":76}},"type":"default-arg","locations":[{"start":{"line":7,"column":71},"end":{"line":7,"column":76}}],"line":7},"2":{"loc":{"start":{"line":14,"column":10},"end":{"line":14,"column":67}},"type":"cond-expr","locations":[{"start":{"line":14,"column":32},"end":{"line":14,"column":49}},{"start":{"line":14,"column":52},"end":{"line":14,"column":67}}],"line":14},"3":{"loc":{"start":{"line":16,"column":23},"end":{"line":16,"column":79}},"type":"binary-expr","locations":[{"start":{"line":16,"column":23},"end":{"line":16,"column":32}},{"start":{"line":16,"column":36},"end":{"line":16,"column":50}},{"start":{"line":16,"column":54},"end":{"line":16,"column":79}}],"line":16}},"s":{"0":0,"1":0,"2":0,"3":0,"4":0,"5":0},"f":{"0":0,"1":0,"2":0},"b":{"0":[0],"1":[0],"2":[0,0],"3":[0,0,0]}}
,"/Users/Aleshalegair/Downloads/abundance-shift/abundance-gps-module/src/components/common/ThemeToggleButton.js": {"path":"/Users/Aleshalegair/Downloads/abundance-shift/abundance-gps-module/src/components/common/ThemeToggleButton.js","statementMap":{"0":{"start":{"line":6,"column":16},"end":{"line":10,"column":1}},"1":{"start":{"line":7,"column":2},"end":{"line":9,"column":8}},"2":{"start":{"line":12,"column":17},"end":{"line":16,"column":1}},"3":{"start":{"line":13,"column":2},"end":{"line":15,"column":8}},"4":{"start":{"line":20,"column":16},"end":{"line":20,"column":57}},"5":{"start":{"line":20,"column":45},"end":{"line":20,"column":56}},"6":{"start":{"line":21,"column":22},"end":{"line":21,"column":69}},"7":{"start":{"line":21,"column":51},"end":{"line":21,"column":68}},"8":{"start":{"line":23,"column":2},"end":{"line":31,"column":4}}},"fnMap":{"0":{"name":"(anonymous_0)","decl":{"start":{"line":6,"column":16},"end":{"line":6,"column":17}},"loc":{"start":{"line":7,"column":2},"end":{"line":9,"column":8}},"line":7},"1":{"name":"(anonymous_1)","decl":{"start":{"line":12,"column":17},"end":{"line":12,"column":18}},"loc":{"start":{"line":13,"column":2},"end":{"line":15,"column":8}},"line":13},"2":{"name":"ThemeToggleButton","decl":{"start":{"line":19,"column":9},"end":{"line":19,"column":26}},"loc":{"start":{"line":19,"column":29},"end":{"line":32,"column":1}},"line":19},"3":{"name":"(anonymous_3)","decl":{"start":{"line":20,"column":34},"end":{"line":20,"column":35}},"loc":{"start":{"line":20,"column":45},"end":{"line":20,"column":56}},"line":20},"4":{"name":"(anonymous_4)","decl":{"start":{"line":21,"column":40},"end":{"line":21,"column":41}},"loc":{"start":{"line":21,"column":51},"end":{"line":21,"column":68}},"line":21}},"branchMap":{"0":{"loc":{"start":{"line":26,"column":31},"end":{"line":26,"column":67}},"type":"cond-expr","locations":[{"start":{"line":26,"column":51},"end":{"line":26,"column":57}},{"start":{"line":26,"column":60},"end":{"line":26,"column":67}}],"line":26},"1":{"loc":{"start":{"line":29,"column":7},"end":{"line":29,"column":53}},"type":"cond-expr","locations":[{"start":{"line":29,"column":27},"end":{"line":29,"column":39}},{"start":{"line":29,"column":42},"end":{"line":29,"column":53}}],"line":29}},"s":{"0":1,"1":0,"2":1,"3":0,"4":0,"5":0,"6":0,"7":0,"8":0},"f":{"0":0,"1":0,"2":0,"3":0,"4":0},"b":{"0":[0,0],"1":[0,0]},"_coverageSchema":"1a1c01bbd47fc00a2c39e90264f33305004495a9","hash":"6b1ffe0ea7c8cd1a5fc9be5df14dbc25456b7b24"}
,"/Users/Aleshalegair/Downloads/abundance-shift/abundance-gps-module/src/components/common/Toast.js": {"path":"/Users/Aleshalegair/Downloads/abundance-shift/abundance-gps-module/src/components/common/Toast.js","statementMap":{"0":{"start":{"line":7,"column":24},"end":{"line":7,"column":71}},"1":{"start":{"line":7,"column":30},"end":{"line":7,"column":71}},"2":{"start":{"line":8,"column":20},"end":{"line":8,"column":65}},"3":{"start":{"line":8,"column":26},"end":{"line":8,"column":65}},"4":{"start":{"line":9,"column":23},"end":{"line":9,"column":69}},"5":{"start":{"line":9,"column":29},"end":{"line":9,"column":69}},"6":{"start":{"line":10,"column":26},"end":{"line":10,"column":74}},"7":{"start":{"line":10,"column":32},"end":{"line":10,"column":74}},"8":{"start":{"line":25,"column":36},"end":{"line":25,"column":51}},"9":{"start":{"line":27,"column":2},"end":{"line":30,"column":16}},"10":{"start":{"line":28,"column":4},"end":{"line":28,"column":23}},"11":{"start":{"line":32,"column":21},"end":{"line":32,"column":165}},"12":{"start":{"line":34,"column":21},"end":{"line":39,"column":3}},"13":{"start":{"line":41,"column":24},"end":{"line":46,"column":9}},"14":{"start":{"line":49,"column":2},"end":{"line":66,"column":4}},"15":{"start":{"line":69,"column":0},"end":{"line":73,"column":2}}},"fnMap":{"0":{"name":"(anonymous_0)","decl":{"start":{"line":7,"column":24},"end":{"line":7,"column":25}},"loc":{"start":{"line":7,"column":30},"end":{"line":7,"column":71}},"line":7},"1":{"name":"(anonymous_1)","decl":{"start":{"line":8,"column":20},"end":{"line":8,"column":21}},"loc":{"start":{"line":8,"column":26},"end":{"line":8,"column":65}},"line":8},"2":{"name":"(anonymous_2)","decl":{"start":{"line":9,"column":23},"end":{"line":9,"column":24}},"loc":{"start":{"line":9,"column":29},"end":{"line":9,"column":69}},"line":9},"3":{"name":"(anonymous_3)","decl":{"start":{"line":10,"column":26},"end":{"line":10,"column":27}},"loc":{"start":{"line":10,"column":32},"end":{"line":10,"column":74}},"line":10},"4":{"name":"Toast","decl":{"start":{"line":24,"column":9},"end":{"line":24,"column":14}},"loc":{"start":{"line":24,"column":54},"end":{"line":67,"column":1}},"line":24},"5":{"name":"(anonymous_5)","decl":{"start":{"line":27,"column":12},"end":{"line":27,"column":13}},"loc":{"start":{"line":27,"column":18},"end":{"line":30,"column":3}},"line":27}},"branchMap":{"0":{"loc":{"start":{"line":24,"column":26},"end":{"line":24,"column":39}},"type":"default-arg","locations":[{"start":{"line":24,"column":33},"end":{"line":24,"column":39}}],"line":24},"1":{"loc":{"start":{"line":42,"column":13},"end":{"line":42,"column":47}},"type":"binary-expr","locations":[{"start":{"line":42,"column":13},"end":{"line":42,"column":28}},{"start":{"line":42,"column":32},"end":{"line":42,"column":47}}],"line":42},"2":{"loc":{"start":{"line":43,"column":11},"end":{"line":43,"column":35}},"type":"binary-expr","locations":[{"start":{"line":43,"column":11},"end":{"line":43,"column":20}},{"start":{"line":43,"column":24},"end":{"line":43,"column":35}}],"line":43},"3":{"loc":{"start":{"line":44,"column":13},"end":{"line":44,"column":57}},"type":"binary-expr","locations":[{"start":{"line":44,"column":13},"end":{"line":44,"column":36}},{"start":{"line":44,"column":40},"end":{"line":44,"column":57}}],"line":44},"4":{"loc":{"start":{"line":45,"column":10},"end":{"line":45,"column":49}},"type":"binary-expr","locations":[{"start":{"line":45,"column":10},"end":{"line":45,"column":31}},{"start":{"line":45,"column":35},"end":{"line":45,"column":49}}],"line":45},"5":{"loc":{"start":{"line":54,"column":54},"end":{"line":54,"column":121}},"type":"cond-expr","locations":[{"start":{"line":54,"column":66},"end":{"line":54,"column":93}},{"start":{"line":54,"column":96},"end":{"line":54,"column":121}}],"line":54}},"s":{"0":1,"1":0,"2":1,"3":0,"4":1,"5":0,"6":1,"7":0,"8":0,"9":0,"10":0,"11":0,"12":0,"13":0,"14":0,"15":1},"f":{"0":0,"1":0,"2":0,"3":0,"4":0,"5":0},"b":{"0":[0],"1":[0,0],"2":[0,0],"3":[0,0],"4":[0,0],"5":[0,0]},"_coverageSchema":"1a1c01bbd47fc00a2c39e90264f33305004495a9","hash":"c60729bc4f03925f1ff267611cf90f1ac928cc02"}
,"/Users/Aleshalegair/Downloads/abundance-shift/abundance-gps-module/src/hooks/useAudioRecorder.js": {"path":"/Users/Aleshalegair/Downloads/abundance-shift/abundance-gps-module/src/hooks/useAudioRecorder.js","statementMap":{"0":{"start":{"line":19,"column":40},"end":{"line":19,"column":55}},"1":{"start":{"line":20,"column":36},"end":{"line":20,"column":50}},"2":{"start":{"line":21,"column":34},"end":{"line":21,"column":48}},"3":{"start":{"line":22,"column":28},"end":{"line":22,"column":42}},"4":{"start":{"line":23,"column":27},"end":{"line":23,"column":39}},"5":{"start":{"line":24,"column":25},"end":{"line":24,"column":35}},"6":{"start":{"line":26,"column":25},"end":{"line":65,"column":8}},"7":{"start":{"line":27,"column":4},"end":{"line":27,"column":19}},"8":{"start":{"line":28,"column":4},"end":{"line":28,"column":23}},"9":{"start":{"line":29,"column":4},"end":{"line":29,"column":22}},"10":{"start":{"line":30,"column":4},"end":{"line":30,"column":32}},"11":{"start":{"line":32,"column":4},"end":{"line":64,"column":5}},"12":{"start":{"line":33,"column":21},"end":{"line":33,"column":79}},"13":{"start":{"line":34,"column":6},"end":{"line":34,"column":73}},"14":{"start":{"line":36,"column":6},"end":{"line":40,"column":8}},"15":{"start":{"line":37,"column":8},"end":{"line":39,"column":9}},"16":{"start":{"line":38,"column":10},"end":{"line":38,"column":50}},"17":{"start":{"line":42,"column":6},"end":{"line":49,"column":8}},"18":{"start":{"line":43,"column":26},"end":{"line":43,"column":78}},"19":{"start":{"line":44,"column":8},"end":{"line":44,"column":32}},"20":{"start":{"line":45,"column":25},"end":{"line":45,"column":55}},"21":{"start":{"line":46,"column":8},"end":{"line":46,"column":30}},"22":{"start":{"line":48,"column":8},"end":{"line":48,"column":58}},"23":{"start":{"line":48,"column":44},"end":{"line":48,"column":56}},"24":{"start":{"line":51,"column":6},"end":{"line":56,"column":8}},"25":{"start":{"line":52,"column":8},"end":{"line":52,"column":59}},"26":{"start":{"line":53,"column":8},"end":{"line":53,"column":57}},"27":{"start":{"line":54,"column":8},"end":{"line":54,"colum
[...]
umn":51}},"loc":{"start":{"line":107,"column":59},"end":{"line":107,"column":71}},"line":107},"12":{"name":"(anonymous_12)","decl":{"start":{"line":112,"column":41},"end":{"line":112,"column":42}},"loc":{"start":{"line":112,"column":47},"end":{"line":115,"column":7}},"line":112},"13":{"name":"(anonymous_13)","decl":{"start":{"line":117,"column":41},"end":{"line":117,"column":42}},"loc":{"start":{"line":117,"column":47},"end":{"line":120,"column":7}},"line":117},"14":{"name":"(anonymous_14)","decl":{"start":{"line":122,"column":42},"end":{"line":122,"column":43}},"loc":{"start":{"line":122,"column":48},"end":{"line":125,"column":7}},"line":122},"15":{"name":"(anonymous_15)","decl":{"start":{"line":127,"column":41},"end":{"line":127,"column":42}},"loc":{"start":{"line":127,"column":52},"end":{"line":131,"column":7}},"line":127},"16":{"name":"(anonymous_16)","decl":{"start":{"line":142,"column":36},"end":{"line":142,"column":37}},"loc":{"start":{"line":142,"column":42},"end":{"line":147,"column":3}},"line":142},"17":{"name":"(anonymous_17)","decl":{"start":{"line":149,"column":37},"end":{"line":149,"column":38}},"loc":{"start":{"line":149,"column":43},"end":{"line":153,"column":3}},"line":149},"18":{"name":"(anonymous_18)","decl":{"start":{"line":155,"column":38},"end":{"line":155,"column":39}},"loc":{"start":{"line":155,"column":44},"end":{"line":159,"column":3}},"line":155},"19":{"name":"(anonymous_19)","decl":{"start":{"line":161,"column":37},"end":{"line":161,"column":38}},"loc":{"start":{"line":161,"column":43},"end":{"line":179,"column":3}},"line":161},"20":{"name":"(anonymous_20)","decl":{"start":{"line":174,"column":46},"end":{"line":174,"column":47}},"loc":{"start":{"line":174,"column":55},"end":{"line":174,"column":67}},"line":174}},"branchMap":{"0":{"loc":{"start":{"line":27,"column":33},"end":{"line":27,"column":65}},"type":"default-arg","locations":[{"start":{"line":27,"column":63},"end":{"line":27,"column":65}}],"line":27},"1":{"loc":{"start":{"line":27,"column":35},"end":{"line":27,"column":58}},"type":"default-arg","locations":[{"start":{"line":27,"column":46},"end":{"line":27,"column":58}}],"line":27},"2":{"loc":{"start":{"line":40,"column":4},"end":{"line":45,"column":5}},"type":"if","locations":[{"start":{"line":40,"column":4},"end":{"line":45,"column":5}},{"start":{"line":42,"column":11},"end":{"line":45,"column":5}}],"line":40},"3":{"loc":{"start":{"line":40,"column":8},"end":{"line":40,"column":126}},"type":"binary-expr","locations":[{"start":{"line":40,"column":8},"end":{"line":40,"column":37}},{"start":{"line":40,"column":41},"end":{"line":40,"column":63}},{"start":{"line":40,"column":67},"end":{"line":40,"column":102}},{"start":{"line":40,"column":106},"end":{"line":40,"column":126}}],"line":40},"4":{"loc":{"start":{"line":49,"column":6},"end":{"line":51,"column":7}},"type":"if","locations":[{"start":{"line":49,"column":6},"end":{"line":51,"column":7}},{"start":{},"end":{}}],"line":49},"5":{"loc":{"start":{"line":52,"column":6},"end":{"line":54,"column":7}},"type":"if","locations":[{"start":{"line":52,"column":6},"end":{"line":54,"column":7}},{"start":{},"end":{}}],"line":52},"6":{"loc":{"start":{"line":55,"column":6},"end":{"line":57,"column":7}},"type":"if","locations":[{"start":{"line":55,"column":6},"end":{"line":57,"column":7}},{"start":{},"end":{}}],"line":55},"7":{"loc":{"start":{"line":63,"column":4},"end":{"line":63,"column":74}},"type":"if","locations":[{"start":{"line":63,"column":4},"end":{"line":63,"column":74}},{"start":{},"end":{}}],"line":63},"8":{"loc":{"start":{"line":71,"column":4},"end":{"line":74,"column":5}},"type":"if","locations":[{"start":{"line":71,"column":4},"end":{"line":74,"column":5}},{"start":{},"end":{}}],"line":71},"9":{"loc":{"start":{"line":78,"column":4},"end":{"line":82,"column":5}},"type":"if","locations":[{"start":{"line":78,"column":4},"end":{"line":82,"column":5}},{"start":{},"end":{}}],"line":78},"10":{"loc":{"start":{"line":83,"column":4},"end":{"line":83,"column":46}},"type":"if","locations":[{"start":{"line":83,"column":4},"end":{"line":83,"column":46}},{"start":{},"end":{}}],"line":83},"11":{"loc":{"start":{"line":93,"column":8},"end":{"line":95,"column":9}},"type":"if","locations":[{"start":{"line":93,"column":8},"end":{"line":95,"column":9}},{"start":{},"end":{}}],"line":93},"12":{"loc":{"start":{"line":106,"column":8},"end":{"line":109,"column":9}},"type":"if","locations":[{"start":{"line":106,"column":8},"end":{"line":109,"column":9}},{"start":{},"end":{}}],"line":106},"13":{"loc":{"start":{"line":143,"column":4},"end":{"line":146,"column":5}},"type":"if","locations":[{"start":{"line":143,"column":4},"end":{"line":146,"column":5}},{"start":{},"end":{}}],"line":143},"14":{"loc":{"start":{"line":143,"column":8},"end":{"line":143,"column":97}},"type":"binary-expr","locations":[{"start":{"line":143,"column":8},"end":{"line":143,"column":32}},{"start":{"line":143,"column":37},"end":{"line":143,"column":66}},{"start":{"line":143,"column":70},"end":{"line":143,"column":96}}],"line":143},"15":{"loc":{"start":{"line":150,"column":4},"end":{"line":152,"column":5}},"type":"if","locations":[{"start":{"line":150,"column":4},"end":{"line":152,"column":5}},{"start":{},"end":{}}],"line":150},"16":{"loc":{"start":{"line":150,"column":8},"end":{"line":150,"column":65}},"type":"binary-expr","locations":[{"start":{"line":150,"column":8},"end":{"line":150,"column":32}},{"start":{"line":150,"column":36},"end":{"line":150,"column":65}}],"line":150},"17":{"loc":{"start":{"line":156,"column":4},"end":{"line":158,"column":5}},"type":"if","locations":[{"start":{"line":156,"column":4},"end":{"line":158,"column":5}},{"start":{},"end":{}}],"line":156},"18":{"loc":{"start":{"line":156,"column":8},"end":{"line":156,"column":62}},"type":"binary-expr","locations":[{"start":{"line":156,"column":8},"end":{"line":156,"column":32}},{"start":{"line":156,"column":36},"end":{"line":156,"column":62}}],"line":156},"19":{"loc":{"start":{"line":162,"column":4},"end":{"line":164,"column":5}},"type":"if","locations":[{"start":{"line":162,"column":4},"end":{"line":164,"column":5}},{"start":{},"end":{}}],"line":162},"20":{"loc":{"start":{"line":170,"column":4},"end":{"line":172,"column":5}},"type":"if","locations":[{"start":{"line":170,"column":4},"end":{"line":172,"column":5}},{"start":{},"end":{}}],"line":170},"21":{"loc":{"start":{"line":170,"column":8},"end":{"line":170,"column":81}},"type":"binary-expr","locations":[{"start":{"line":170,"column":8},"end":{"line":170,"column":32}},{"start":{"line":170,"column":36},"end":{"line":170,"column":81}}],"line":170},"22":{"loc":{"start":{"line":173,"column":4},"end":{"line":176,"column":5}},"type":"if","locations":[{"start":{"line":173,"column":4},"end":{"line":176,"column":5}},{"start":{},"end":{}}],"line":173},"23":{"loc":{"start":{"line":177,"column":4},"end":{"line":177,"column":74}},"type":"if","locations":[{"start":{"line":177,"column":4},"end":{"line":177,"column":74}},{"start":{},"end":{}}],"line":177}},"s":{"0":7,"1":7,"2":7,"3":7,"4":7,"5":7,"6":7,"7":7,"8":7,"9":7,"10":3,"11":2,"12":1,"13":1,"14":3,"15":3,"16":1,"17":0,"18":3,"19":0,"20":3,"21":0,"22":7,"23":0,"24":0,"25":0,"26":0,"27":0,"28":0,"29":7,"30":0,"31":0,"32":0,"33":7,"34":3,"35":0,"36":0,"37":0,"38":3,"39":0,"40":3,"41":3,"42":1,"43":1,"44":1,"45":1,"46":0,"47":0,"48":1,"49":0,"50":0,"51":0,"52":0,"53":0,"54":0,"55":0,"56":0,"57":0,"58":0,"59":1,"60":0,"61":0,"62":1,"63":0,"64":0,"65":1,"66":0,"67":0,"68":1,"69":0,"70":0,"71":0,"72":1,"73":2,"74":2,"75":7,"76":0,"77":0,"78":7,"79":0,"80":0,"81":7,"82":0,"83":0,"84":7,"85":0,"86":0,"87":0,"88":0,"89":0,"90":0,"91":0,"92":0,"93":0,"94":0,"95":0,"96":0,"97":0,"98":0,"99":7},"f":{"0":7,"1":3,"2":3,"3":0,"4":0,"5":0,"6":0,"7":0,"8":3,"9":0,"10":0,"11":0,"12":0,"13":0,"14":0,"15":0,"16":0,"17":0,"18":0,"19":0,"20":0},"b":{"0":[7],"1":[7],"2":[2,1],"3":[3,3,2,2],"4":[1,2],"5":[0,3],"6":[0,3],"7":[0,0],"8":[0,0],"9":[0,3],"10":[0,3],"11":[0,0],"12":[0,0],"13":[0,0],"14":[0,0,0],"15":[0,0],"16":[0,0],"17":[0,0],"18":[0,0],"19":[0,0],"20":[0,0],"21":[0,0],"22":[0,0],"23":[0,0]},"_coverageSchema":"1a1c01bbd47fc00a2c39e90264f33305004495a9","hash":"366d8dc9649243a8679c533068162d65a3afb987"}
,"/Users/Aleshalegair/Downloads/abundance-shift/src/hooks/useSpeechSynthesis.js": {"path":"/Users/Aleshalegair/Downloads/abundance-shift/src/hooks/useSpeechSynthesis.js","statementMap":{"0":{"start":{"line":22,"column":29},"end":{"line":22,"column":36}},"1":{"start":{"line":23,"column":38},"end":{"line":23,"column":53}},"2":{"start":{"line":24,"column":40},"end":{"line":24,"column":55}},"3":{"start":{"line":25,"column":30},"end":{"line":25,"column":42}},"4":{"start":{"line":26,"column":19},"end":{"line":26,"column":31}},"5":{"start":{"line":27,"column":23},"end":{"line":27,"column":35}},"6":{"start":{"line":29,"column":28},"end":{"line":37,"column":8}},"7":{"start":{"line":30,"column":4},"end":{"line":30,"column":34}},"8":{"start":{"line":30,"column":27},"end":{"line":30,"column":34}},"9":{"start":{"line":31,"column":28},"end":{"line":31,"column":56}},"10":{"start":{"line":32,"column":4},"end":{"line":34,"column":5}},"11":{"start":{"line":33,"column":6},"end":{"line":33,"column":33}},"12":{"start":{"line":39,"column":21},"end":{"line":50,"column":25}},"13":{"start":{"line":40,"column":4},"end":{"line":49,"column":5}},"14":{"start":{"line":41,"column":6},"end":{"line":41,"column":27}},"15":{"start":{"line":42,"column":6},"end":{"line":42,"column":48}},"16":{"start":{"line":43,"column":6},"end":{"line":43,"column":26}},"17":{"start":{"line":44,"column":6},"end":{"line":46,"column":7}},"18":{"start":{"line":45,"column":8},"end":{"line":45,"column":61}},"19":{"start":{"line":48,"column":6},"end":{"line":48,"column":28}},"20":{"start":{"line":52,"column":2},"end":{"line":62,"column":19}},"21":{"start":{"line":53,"column":4},"end":{"line":53,"column":17}},"22":{"start":{"line":55,"column":4},"end":{"line":61,"column":6}},"23":{"start":{"line":57,"column":6},"end":{"line":60,"column":7}},"24":{"start":{"line":58,"column":8},"end":{"line":58,"column":48}},"25":{"start":{"line":59,"column":8},"end":{"line":59,"column":34}},"26":{"start":{"line":65,"column":16},"end":{"line":113,"column":43}},"27":{"start":{"line":66,"column":4},"end":{"line":69,"column":5}},"28":{"start":{"line":67,"column":6},"end":{"line":67,"column":25}},"29":{"start":{"line":67,"column":17},"end":{"line":67,"column":25}},"30":{"start":{"line":68,"column":6},"end":{"line":68,"column":13}},"31":{"start":{"line":72,"column":4},"end":{"line":76,"column":5}},"32":{"start":{"line":73,"column":6},"end":{"line":73,"column":32}},"33":{"start":{"line":78,"column":22},"end":{"line":78,"column":56}},"34":{"start":{"line":79,"column":4},"end":{"line":79,"column":37}},"35":{"start":{"line":81,"column":4},"end":{"line":81,"column":26}},"36":{"start":{"line":82,"column":4},"end":{"line":82,"column":26}},"37":{"start":{"line":83,"column":4},"end":{"line":83,"column":28}},"38":{"start":{"line":85,"column":4},"end":{"line":90,"column":5}},"39":{"start":{"line":86,"column":28},"end":{"line":86,"column":77}},"40":{"start":{"line":86,"column":49},"end":{"line":86,"column":76}},"41":{"start":{"line":87,"column":6},"end":{"line":89,"column":7}},"42":{"start":{"line":88,"column":8},"end":{"line":88,"column":40}},"43":{"start":{"line":92,"column":4},"end":{"line":94,"column":6}},"44":{"start":{"line":93,"column":6},"end":{"line":93,"column":26}},"45":{"start":{"line":96,"column":4},"end":{"line":99,"column":6}},"46":{"start":{"line":97,"column":6},"end":{"line":97,"column":27}},"47":{"start":{"line":98,"column":6},"end":{"line":98,"column":25}},"48":{"start":{"line":98,"column":17},"end":{"line":98,"column":25}},"49":{"start":{"line":101,"column":4},"end":{"line":106,"column":6}},"50":{"start":{"line":102,"column":6},"end":{"line":102,"column":27}},"51":{"start":{"line":103,"column":6},"end":{"line":103,"column":53}},"52":{"start":{"line":104,"column":6},"end":{"line":104,"column":34}},"53":{"start":{"line":104,"column":19},"end":{"line":104,"column":34}},"54":{"start":{"line":105,"column":6},"end":{"line":105,"column":25}},"55":{"start":{"line":105,"column":17},"end":{"line":105,"column":25}},"56":{"start":{"line":111,"column":4},"end":{"line":111,"column":38}},"57":{"start":{"line":115,"column":17},"end":{"line":120,"column":19}},"58":{"start":{"line":116,"column":4},"end":{"line":118,"column":5}},"59":{"start":{"line":117,"column":6},"end":{"line":117,"column":32}},"60":{"start":{"line":119,"column":4},"end":{"line":119,"column":25}},"61":{"start":{"line":123,"column":2},"end":{"line":123,"column":72}}},"fnMap":{"0":{"name":"useSpeechSynthesis","decl":{"start":{"line":21,"column":16},"end":{"line":21,"column":34}},"loc":{"start":{"line":21,"column":49},"end":{"line":124,"column":1}},"line":21},"1":{"name":"(anonymous_1)","decl":{"start":{"line":29,"column":40},"end":{"line":29,"column":41}},"loc":{"start":{"line":29,"column":46},"end":{"line":37,"column":3}},"line":29},"2":{"name":"(anonymous_2)","decl":{"start":{"line":39,"column":33},"end":{"line":39,"column":34}},"loc":{"start":{"line":39,"column":39},"end":{"line":50,"column":3}},"line":39},"3":{"name":"(anonymous_3)","decl":{"start":{"line":52,"column":12},"end":{"line":52,"column":13}},"loc":{"start":{"line":52,"column":18},"end":{"line":62,"column":3}},"line":52},"4":{"name":"(anonymous_4)","decl":{"start":{"line":55,"column":11},"end":{"line":55,"column":12}},"loc":{"start":{"line":55,"column":17},"end":{"line":61,"column":5}},"line":55},"5":{"name":"(anonymous_5)","decl":{"start":{"line":65,"column":28},"end":{"line":65,"column":29}},"loc":{"start":{"line":65,"column":92},"end":{"line":113,"column":3}},"line":65},"6":{"name":"(anonymous_6)","decl":{"start":{"line":86,"column":40},"end":{"line":86,"column":41}},"loc":{"start":{"line":86,"column":49},"end":{"line":86,"column":76}},"line":86},"7":{"name":"(anonymous_7)","decl":{"start":{"line":92,"column":24},"end":{"line":92,"column":25}},"loc":{"start":{"line":92,"column":30},"end":{"line":94,"column":5}},"line":92},"8":{"name":"(anonymous_8)","decl":{"start":{"line":96,"column":22},"end":{"line":96,"column":23}},"loc":{"start":{"line":96,"column":28},"end":{"line":99,"column":5}},"line":96},"9":{"name":"(anonymous_9)","decl":{"start":{"line":101,"column":24},"end":{"line":101,"column":25}},"loc":{"start":{"line":101,"column":35},"end":{"line":106,"column":5}},"line":101},"10":{"name":"(anonymous_10)","decl":{"start":{"line":115,"column":29},"end":{"line":115,"column":30}},"loc":{"start":{"line":115,"column":35},"end":{"line":120,"column":3}},"line":115}},"branchMap":{"0":{"loc":{"start":{"line":21,"column":35},"end":{"line":21,"column":47}},"type":"default-arg","locations":[{"start":{"line":21,"column":45},"end":{"line":21,"column":47}}],"line":21},"1":{"loc":{"start":{"line":30,"column":4},"end":{"line":30,"column":34}},"type":"if","locations":[{"start":{"line":30,"column":4},"end":{"line":30,"column":34}},{"start":{},"end":{}}],"line":30},"2":{"loc":{"start":{"line":32,"column":4},"end":{"line":34,"column":5}},"type":"if","locations":[{"start":{"line":32,"column":4},"end":{"line":34,"column":5}},{"start":{},"end":{}}],"line":32},"3":{"loc":{"start":{"line":40,"column":4},"end":{"line":49,"column":5}},"type":"if","locations":[{"start":{"line":40,"column":4},"end":{"line":49,"column":5}},{"start":{"line":47,"column":11},"end":{"line":49,"column":5}}],"line":40},"4":{"loc":{"start":{"line":40,"column":8},"end":{"line":40,"column":68}},"type":"binary-expr","locations":[{"start":{"line":40,"column":8},"end":{"line":40,"column":37}},{"start":{"line":40,"column":41},"end":{"line":40,"column":68}}],"line":40},"5":{"loc":{"start":{"line":44,"column":6},"end":{"line":46,"column":7}},"type":"if","locations":[{"start":{"line":44,"column":6},"end":{"line":46,"column":7}},{"start":{},"end":{}}],"line":44},"6":{"loc":{"start":{"line":57,"column":6},"end":{"line":60,"column":7}},"type":"if","locations":[{"start":{"line":57,"column":6},"end":{"line":60,"column":7}},{"start":{},"end":{}}],"line":57},"7":{"loc":{"start":{"line":65,"column":35},"end":{"line":65,"column":49}},"type":"default-arg","locations":[{"start":{"line":65,"column":42},"end":{"line":65,"column":49}}],"line":65},"8":{"loc":{"start":{"line":65,"column":51},"end":{"line":65,"column":66}},"type":"default-arg","locations":[{"start":{"line":65,"column":62},"end":{"line":65,"column":66}}],"line":65},"9":{"loc":{"start":{"line":65,"column":68},"end":{"line":65,"column":76}},"type":"default-arg","locations":[{"start":{"line":65,"column":75},"end":{"line":65,"column":76}}],"line":65},"10":{"loc":{"start":{"line":65,"column":78},"end":{"line":65,"column":87}},"type":"default-arg","locations":[{"start":{"line":65,"column":86},"end":{"line":65,"column":87}}],"line":65},"11":{"loc":{"start":{"line":66,"column":4},"end":{"line":69,"column":5}},"type":"if","locations":[{"start":{"line":66,"column":4},"end":{"line":69,"column":5}},{"start":{},"end":{}}],"line":66},"12":{"loc":{"start":{"line":66,"column":8},"end":{"line":66,"column":50}},"type":"binary-expr","locations":[{"start":{"line":66,"column":8},"end":{"line":66,"column":20}},{"start":{"line":66,"column":24},"end":{"line":66,"column":41}},{"start":{"line":66,"column":45},"end":{"line":66,"column":50}}],"line":66},"13":{"loc":{"start":{"line":67,"column":6},"end":{"line":67,"column":25}},"type":"if","locations":[{"start":{"line":67,"column":6},"end":{"line":67,"column":25}},{"start":{},"end":{}}],"line":67},"14":{"loc":{"start":{"line":72,"column":4},"end":{"line":76,"column":5}},"type":"if","locations":[{"start":{"line":72,"column":4},"end":{"line":76,"column":5}},{"start":{},"end":{}}],"line":72},"15":{"loc":{"start":{"line":85,"column":4},"end":{"line":90,"column":5}},"type":"if","locations":[{"start":{"line":85,"column":4},"end":{"line":90,"column":5}},{"start":{},"end":{}}],"line":85},"16":{"loc":{"start":{"line":87,"column":6},"end":{"line":89,"column":7}},"type":"if","locations":[{"start":{"line":87,"column":6},"end":{"line":89,"column":7}},{"start":{},"end":{}}],"line":87},"17":{"loc":{"start":{"line":98,"column":6},"end":{"line":98,"column":25}},"type":"if","locations":[{"start":{"line":98,"column":6},"end":{"line":98,"column":25}},{"start":{},"end":{}}],"line":98},"18":{"loc":{"start":{"line":104,"column":6},"end":{"line":104,"column":34}},"type":"if","locations":[{"start":{"line":104,"column":6},"end":{"line":104,"column":34}},{"start":{},"end":{}}],"line":104},"19":{"loc":{"start":{"line":105,"column":6},"end":{"line":105,"column":25}},"type":"if","locations":[{"start":{"line":105,"column":6},"end":{"line":105,"column":25}},{"start":{},"end":{}}],"line":105},"20":{"loc":{"start":{"line":116,"column":4},"end":{"line":118,"column":5}},"type":"if","locations":[{"start":{"line":116,"column":4},"end":{"line":118,"column":5}},{"start":{},"end":{}}],"line":116},"21":{"loc":{"start":{"line":116,"column":8},"end":{"line":116,"column":68}},"type":"binary-expr","locations":[{"start":{"line":116,"column":8},"end":{"line":116,"column":19}},{"start":{"line":116,"column":23},"end":{"line":116,"column":39}},{"start":{"line":116,"column":43},"end":{"line":116,"column":68}}],"line":116}},"s":{"0":0,"1":0,"2":0,"3":0,"4":0,"5":0,"6":0,"7":0,"8":0,"9":0,"10":0,"11":0,"12":0,"13":0,"14":0,"15":0,"16":0,"17":0,"18":0,"19":0,"20":0,"21":0,"22":0,"23":0,"24":0,"25":0,"26":0,"27":0,"28":0,"29":0,"30":0,"31":0,"32":0,"33":0,"34":0,"35":0,"36":0,"37":0,"38":0,"39":0,"40":0,"41":0,"42":0,"43":0,"44":0,"45":0,"46":0,"47":0,"48":0,"49":0,"50":0,"51":0,"52":0,"53":0,"54":0,"55":0,"56":0,"57":0,"58":0,"59":0,"60":0,"61":0},"f":{"0":0,"1":0,"2":0,"3":0,"4":0,"5":0,"6":0,"7":0,"8":0,"9":0,"10":0},"b":{"0":[0],"1":[0,0],"2":[0,0],"3":[0,0],"4":[0,0],"5":[0,0],"6":[0,0],"7":[0],"8":[0],"9":[0],"10":[0],"11":[0,0],"12":[0,0,0],"13":[0,0],"14":[0,0],"15":[0,0],"16":[0,0],"17":[0,0],"18":[0,0],"19":[0,0],"20":[0,0],"21":[0,0,0]}}
}
