TN:
SF:abundance-gps-module/src/index.js
FNF:0
FNH:0
LF:0
LH:0
BRF:0
BRH:0
end_of_record
TN:
SF:abundance-gps-module/src/components/AbundanceGPS.js
FN:30,AbundanceGPS
FN:31,(anonymous_1)
FN:32,(anonymous_2)
FN:33,(anonymous_3)
FN:34,(anonymous_4)
FN:35,(anonymous_5)
FN:36,(anonymous_6)
FN:40,(anonymous_7)
FN:56,(anonymous_8)
FN:65,(anonymous_9)
FN:87,(anonymous_10)
FNF:11
FNH:0
FNDA:0,AbundanceGPS
FNDA:0,(anonymous_1)
FNDA:0,(anonymous_2)
FNDA:0,(anonymous_3)
FNDA:0,(anonymous_4)
FNDA:0,(anonymous_5)
FNDA:0,(anonymous_6)
FNDA:0,(anonymous_7)
FNDA:0,(anonymous_8)
FNDA:0,(anonymous_9)
FNDA:0,(anonymous_10)
DA:31,0
DA:32,0
DA:33,0
DA:34,0
DA:35,0
DA:36,0
DA:37,0
DA:40,0
DA:41,0
DA:42,0
DA:51,0
DA:56,0
DA:58,0
DA:59,0
DA:61,0
DA:65,0
DA:66,0
DA:68,0
DA:70,0
DA:72,0
DA:74,0
DA:77,0
DA:79,0
DA:81,0
DA:84,0
DA:87,0
DA:88,0
DA:89,0
DA:93,0
DA:102,0
DA:121,1
LF:31
LH:1
BRDA:41,0,0,0
BRDA:41,0,1,0
BRDA:41,1,0,0
BRDA:41,1,1,0
BRDA:41,1,2,0
BRDA:42,2,0,0
BRDA:42,2,1,0
BRDA:58,3,0,0
BRDA:58,3,1,0
BRDA:66,4,0,0
BRDA:66,4,1,0
BRDA:66,4,2,0
BRDA:66,4,3,0
BRDA:66,4,4,0
BRDA:66,4,5,0
BRDA:66,4,6,0
BRDA:77,5,0,0
BRDA:77,5,1,0
BRDA:77,5,2,0
BRDA:77,5,3,0
BRDA:88,6,0,0
BRDA:88,6,1,0
BRDA:110,7,0,0
BRDA:110,7,1,0
BRF:24
BRH:0
end_of_record
TN:
SF:abundance-gps-module/src/components/ContrastClarityReflection.js
FN:7,ContrastClarityReflection
FN:8,(anonymous_1)
FNF:2
FNH:0
FNDA:0,ContrastClarityReflection
FNDA:0,(anonymous_1)
DA:8,0
DA:10,0
LF:2
LH:0
BRF:0
BRH:0
end_of_record
TN:
SF:abundance-gps-module/src/components/ReinforcementBecoming.js
FN:15,ReinforcementBecoming
FN:16,(anonymous_1)
FN:17,(anonymous_2)
FN:20,(anonymous_3)
FNF:4
FNH:0
FNDA:0,ReinforcementBecoming
FNDA:0,(anonymous_1)
FNDA:0,(anonymous_2)
FNDA:0,(anonymous_3)
DA:16,0
DA:17,0
DA:18,0
DA:20,0
DA:21,0
DA:22,0
DA:27,0
DA:50,2
LF:8
LH:1
BRDA:21,0,0,0
BRDA:21,0,1,0
BRDA:29,1,0,0
BRDA:29,1,1,0
BRDA:36,2,0,0
BRDA:36,2,1,0
BRDA:37,3,0,0
BRDA:37,3,1,0
BRDA:44,4,0,0
BRDA:44,4,1,0
BRF:10
BRH:0
end_of_record
TN:
SF:abundance-gps-module/src/components/WillingnessCalibration.js
FN:6,WillingnessCalibration
FN:7,(anonymous_1)
FN:8,(anonymous_2)
FN:12,(anonymous_3)
FN:19,(anonymous_4)
FNF:5
FNH:0
FNDA:0,WillingnessCalibration
FNDA:0,(anonymous_1)
FNDA:0,(anonymous_2)
FNDA:0,(anonymous_3)
FNDA:0,(anonymous_4)
DA:7,0
DA:8,0
DA:9,0
DA:10,0
DA:12,0
DA:13,0
DA:14,0
DA:19,0
DA:20,0
DA:23,0
LF:10
LH:0
BRDA:9,0,0,0
BRDA:9,0,1,0
BRDA:13,1,0,0
BRDA:13,1,1,0
BRDA:45,2,0,0
BRDA:45,2,1,0
BRDA:46,3,0,0
BRDA:46,3,1,0
BRDA:46,3,2,0
BRDA:47,4,0,0
BRDA:47,4,1,0
BRF:11
BRH:0
end_of_record
TN:
SF:abundance-gps-module/src/components/ImmediateReliefPractice/AudioBreatheCue.js
FN:7,AudioBreatheCue
FN:8,(anonymous_1)
FN:9,(anonymous_2)
FNF:3
FNH:0
FNDA:0,AudioBreatheCue
FNDA:0,(anonymous_1)
FNDA:0,(anonymous_2)
DA:8,0
DA:9,0
DA:11,0
LF:3
LH:0
BRF:0
BRH:0
end_of_record
TN:
SF:abundance-gps-module/src/components/ImmediateReliefPractice/ImmediateReliefPracticeMenu.js
FN:7,ImmediateReliefPracticeMenu
FN:8,(anonymous_1)
FN:15,(anonymous_2)
FN:16,(anonymous_3)
FNF:4
FNH:0
FNDA:0,ImmediateReliefPracticeMenu
FNDA:0,(anonymous_1)
FNDA:0,(anonymous_2)
FNDA:0,(anonymous_3)
DA:8,0
DA:10,0
DA:15,0
DA:16,0
LF:4
LH:0
BRF:0
BRH:0
end_of_record
TN:
SF:abundance-gps-module/src/components/ImmediateReliefPractice/PatternMicroPuzzleRelief.js
FN:7,PatternMicroPuzzleRelief
FN:8,(anonymous_1)
FN:9,(anonymous_2)
FNF:3
FNH:0
FNDA:0,PatternMicroPuzzleRelief
FNDA:0,(anonymous_1)
FNDA:0,(anonymous_2)
DA:8,0
DA:9,0
DA:11,0
LF:3
LH:0
BRF:0
BRH:0
end_of_record
TN:
SF:abundance-gps-module/src/components/OpennessPrimer/OpennessPrimer.js
FN:6,OpennessPrimer
FN:7,(anonymous_1)
FN:8,(anonymous_2)
FN:9,(anonymous_3)
FN:10,(anonymous_4)
FN:13,(anonymous_5)
FN:19,(anonymous_6)
FN:23,(anonymous_7)
FNF:8
FNH:0
FNDA:0,OpennessPrimer
FNDA:0,(anonymous_1)
FNDA:0,(anonymous_2)
FNDA:0,(anonymous_3)
FNDA:0,(anonymous_4)
FNDA:0,(anonymous_5)
FNDA:0,(anonymous_6)
FNDA:0,(anonymous_7)
DA:7,0
DA:8,0
DA:9,0
DA:10,0
DA:11,0
DA:13,0
DA:14,0
DA:15,0
DA:19,0
DA:20,0
DA:23,0
DA:24,0
DA:25,0
DA:31,0
DA:32,0
DA:33,0
DA:35,0
DA:48,0
DA:51,0
LF:19
LH:0
BRDA:14,0,0,0
BRDA:14,0,1,0
BRDA:25,1,0,0
BRDA:25,1,1,0
BRDA:25,2,0,0
BRDA:25,2,1,0
BRDA:31,3,0,0
BRDA:31,3,1,0
BRDA:33,4,0,0
BRDA:33,4,1,0
BRF:10
BRH:0
end_of_record
TN:
SF:abundance-gps-module/src/components/OpennessPrimer/PatternAlignmentPuzzle.js
FN:17,PatternAlignmentPuzzle
FN:21,(anonymous_1)
FN:24,(anonymous_2)
FN:35,(anonymous_3)
FN:53,(anonymous_4)
FN:76,(anonymous_5)
FN:77,(anonymous_6)
FN:105,(anonymous_7)
FN:108,(anonymous_8)
FNF:9
FNH:0
FNDA:0,PatternAlignmentPuzzle
FNDA:0,(anonymous_1)
FNDA:0,(anonymous_2)
FNDA:0,(anonymous_3)
FNDA:0,(anonymous_4)
FNDA:0,(anonymous_5)
FNDA:0,(anonymous_6)
FNDA:0,(anonymous_7)
FNDA:0,(anonymous_8)
DA:18,0
DA:19,0
DA:20,0
DA:21,0
DA:22,0
DA:24,0
DA:25,0
DA:26,0
DA:27,0
DA:28,0
DA:29,0
DA:33,0
DA:35,0
DA:36,0
DA:37,0
DA:39,0
DA:40,0
DA:41,0
DA:45,0
DA:47,0
DA:48,0
DA:49,0
DA:53,0
DA:54,0
DA:55,0
DA:56,0
DA:58,0
DA:60,0
DA:61,0
DA:63,0
DA:66,0
DA:67,0
DA:70,0
DA:77,0
DA:78,0
DA:79,0
DA:81,0
DA:106,0
DA:108,0
DA:132,3
LF:40
LH:1
BRDA:28,0,0,0
BRDA:28,0,1,0
BRDA:33,1,0,0
BRDA:33,1,1,0
BRDA:36,2,0,0
BRDA:36,2,1,0
BRDA:39,3,0,0
BRDA:39,3,1,0
BRDA:55,4,0,0
BRDA:55,4,1,0
BRDA:60,5,0,0
BRDA:60,5,1,0
BRDA:60,6,0,0
BRDA:60,6,1,0
BRDA:66,7,0,0
BRDA:66,7,1,0
BRDA:78,8,0,0
BRDA:78,8,1,0
BRDA:79,9,0,0
BRDA:79,9,1,0
BRDA:79,9,2,0
BRDA:85,10,0,0
BRDA:85,10,1,0
BRDA:87,11,0,0
BRDA:87,11,1,0
BRDA:88,12,0,0
BRDA:88,12,1,0
BRDA:88,13,0,0
BRDA:88,13,1,0
BRDA:94,14,0,0
BRDA:94,14,1,0
BRDA:112,15,0,0
BRDA:112,15,1,0
BRDA:113,16,0,0
BRDA:113,16,1,0
BRDA:114,17,0,0
BRDA:114,17,1,0
BRDA:116,18,0,0
BRDA:116,18,1,0
BRDA:124,19,0,0
BRDA:124,19,1,0
BRF:41
BRH:0
end_of_record
TN:
SF:abundance-gps-module/src/components/OpennessPrimer/SequenceMemoryTap.js
FN:27,SequenceMemoryTap
FN:35,(anonymous_1)
FN:45,(anonymous_2)
FN:54,(anonymous_3)
FN:65,(anonymous_4)
FN:68,(anonymous_5)
FN:78,(anonymous_6)
FN:91,(anonymous_7)
FN:102,(anonymous_8)
FN:118,(anonymous_9)
FN:126,(anonymous_10)
FN:132,(anonymous_11)
FN:140,(anonymous_12)
FN:144,(anonymous_13)
FN:172,(anonymous_14)
FN:175,(anonymous_15)
FN:179,(anonymous_16)
FN:180,(anonymous_17)
FNF:18
FNH:0
FNDA:0,SequenceMemoryTap
FNDA:0,(anonymous_1)
FNDA:0,(anonymous_2)
FNDA:0,(anonymous_3)
FNDA:0,(anonymous_4)
FNDA:0,(anonymous_5)
FNDA:0,(anonymous_6)
FNDA:0,(anonymous_7)
FNDA:0,(anonymous_8)
FNDA:0,(anonymous_9)
FNDA:0,(anonymous_10)
FNDA:0,(anonymous_11)
FNDA:0,(anonymous_12)
FNDA:0,(anonymous_13)
FNDA:0,(anonymous_14)
FNDA:0,(anonymous_15)
FNDA:0,(anonymous_16)
FNDA:0,(anonymous_17)
DA:7,2
DA:8,2
DA:9,2
DA:10,2
DA:11,2
DA:14,2
DA:28,0
DA:29,0
DA:30,0
DA:31,0
DA:32,0
DA:33,0
DA:34,0
DA:35,0
DA:37,0
DA:42,0
DA:43,0
DA:45,0
DA:46,0
DA:47,0
DA:48,0
DA:50,0
DA:51,0
DA:54,0
DA:55,0
DA:56,0
DA:57,0
DA:58,0
DA:59,0
DA:61,0
DA:62,0
DA:63,0
DA:64,0
DA:65,0
DA:66,0
DA:67,0
DA:68,0
DA:71,0
DA:72,0
DA:73,0
DA:74,0
DA:75,0
DA:78,0
DA:79,0
DA:81,0
DA:82,0
DA:83,0
DA:84,0
DA:85,0
DA:89,0
DA:90,0
DA:91,0
DA:93,0
DA:94,0
DA:97,0
DA:99,0
DA:100,0
DA:101,0
DA:102,0
DA:103,0
DA:108,0
DA:112,0
DA:113,0
DA:114,0
DA:115,0
DA:117,0
DA:118,0
DA:119,0
DA:120,0
DA:126,0
DA:127,0
DA:128,0
DA:129,0
DA:131,0
DA:132,0
DA:133,0
DA:135,0
DA:137,0
DA:140,0
DA:144,0
DA:145,0
DA:146,0
DA:148,0
DA:149,0
DA:151,0
DA:152,0
DA:156,0
DA:173,0
DA:175,0
DA:179,0
DA:181,0
DA:182,0
DA:183,0
DA:209,2
LF:94
LH:7
BRDA:67,0,0,0
BRDA:67,0,1,0
BRDA:75,1,0,0
BRDA:75,1,1,0
BRDA:79,2,0,0
BRDA:79,2,1,0
BRDA:79,3,0,0
BRDA:79,3,1,0
BRDA:81,4,0,0
BRDA:81,4,1,0
BRDA:83,5,0,0
BRDA:83,5,1,0
BRDA:83,6,0,0
BRDA:83,6,1,0
BRDA:97,7,0,0
BRDA:97,7,1,0
BRDA:112,8,0,0
BRDA:112,8,1,0
BRDA:127,9,0,0
BRDA:127,9,1,0
BRDA:133,10,0,0
BRDA:133,10,1,0
BRDA:145,11,0,0
BRDA:145,11,1,0
BRDA:148,12,0,0
BRDA:148,12,1,0
BRDA:165,13,0,0
BRDA:165,13,1,0
BRDA:165,13,2,0
BRDA:177,14,0,0
BRDA:177,14,1,0
BRDA:178,15,0,0
BRDA:178,15,1,0
BRDA:181,16,0,0
BRDA:181,16,1,0
BRDA:181,17,0,0
BRDA:181,17,1,0
BRDA:190,18,0,0
BRDA:190,18,1,0
BRDA:190,19,0,0
BRDA:190,19,1,0
BRDA:190,19,2,0
BRDA:191,20,0,0
BRDA:191,20,1,0
BRDA:193,21,0,0
BRDA:193,21,1,0
BRDA:193,22,0,0
BRDA:193,22,1,0
BRDA:194,23,0,0
BRDA:194,23,1,0
BRDA:194,24,0,0
BRDA:194,24,1,0
BRDA:194,24,2,0
BRF:53
BRH:0
end_of_record
TN:
SF:abundance-gps-module/src/components/PerceptionWorkshop/ActivePerceptionReframingWorkshop.js
FN:16,ActivePerceptionReframingWorkshop
FN:18,(anonymous_1)
FN:21,(anonymous_2)
FN:25,(anonymous_3)
FN:44,(anonymous_4)
FN:68,(anonymous_5)
FNF:6
FNH:0
FNDA:0,ActivePerceptionReframingWorkshop
FNDA:0,(anonymous_1)
FNDA:0,(anonymous_2)
FNDA:0,(anonymous_3)
FNDA:0,(anonymous_4)
FNDA:0,(anonymous_5)
DA:9,2
DA:17,0
DA:18,0
DA:19,0
DA:21,0
DA:22,0
DA:25,0
DA:26,0
DA:28,0
DA:29,0
DA:31,0
DA:32,0
DA:34,0
DA:35,0
DA:37,0
DA:38,0
DA:40,0
DA:44,0
DA:45,0
DA:47,0
DA:48,0
DA:50,0
DA:51,0
DA:53,0
DA:54,0
DA:56,0
DA:60,0
DA:69,0
LF:28
LH:1
BRDA:22,0,0,0
BRDA:22,0,1,0
BRDA:26,1,0,0
BRDA:26,1,1,0
BRDA:26,1,2,0
BRDA:26,1,3,0
BRDA:26,1,4,0
BRDA:45,2,0,0
BRDA:45,2,1,0
BRDA:45,2,2,0
BRDA:45,2,3,0
BRDA:69,3,0,0
BRDA:69,3,1,0
BRDA:73,4,0,0
BRDA:73,4,1,0
BRDA:74,5,0,0
BRDA:74,5,1,0
BRDA:75,6,0,0
BRDA:75,6,1,0
BRDA:76,7,0,0
BRDA:76,7,1,0
BRF:21
BRH:0
end_of_record
TN:
SF:abundance-gps-module/src/components/PerceptionWorkshop/AlternativeFrameGeneration.js
FN:8,AlternativeFrameGeneration
FNF:1
FNH:0
FNDA:0,AlternativeFrameGeneration
DA:9,0
DA:21,3
LF:2
LH:1
BRF:0
BRH:0
end_of_record
TN:
SF:abundance-gps-module/src/components/PerceptionWorkshop/CommitAnchor.js
FN:8,CommitAnchor
FNF:1
FNH:0
FNDA:0,CommitAnchor
DA:9,0
DA:21,2
LF:2
LH:1
BRF:0
BRH:0
end_of_record
TN:
SF:abundance-gps-module/src/components/PerceptionWorkshop/EvidenceInventory.js
FN:8,EvidenceInventory
FNF:1
FNH:0
FNDA:0,EvidenceInventory
DA:9,0
DA:21,3
LF:2
LH:1
BRF:0
BRH:0
end_of_record
TN:
SF:abundance-gps-module/src/components/PerceptionWorkshop/IdentifyInterpretation.js
FN:8,IdentifyInterpretation
FNF:1
FNH:0
FNDA:0,IdentifyInterpretation
DA:9,0
DA:20,3
LF:2
LH:1
BRF:0
BRH:0
end_of_record
TN:
SF:abundance-gps-module/src/components/common/Button.js
FN:20,Button
FNF:1
FNH:0
FNDA:0,Button
DA:21,0
DA:23,0
DA:30,0
DA:36,0
DA:38,0
DA:57,6
LF:6
LH:1
BRDA:20,0,0,0
BRDA:20,1,0,0
BRDA:20,2,0,0
BRDA:20,3,0,0
BRDA:20,4,0,0
BRDA:43,5,0,0
BRDA:43,5,1,0
BRDA:43,6,0,0
BRDA:43,6,1,0
BRDA:48,7,0,0
BRDA:48,7,1,0
BRF:11
BRH:0
end_of_record
TN:
SF:abundance-gps-module/src/components/common/Icon.js
FN:3,Icon
FNF:1
FNH:0
FNDA:0,Icon
DA:4,0
LF:1
LH:0
BRF:0
BRH:0
end_of_record
TN:
SF:abundance-gps-module/src/components/common/LoadingSpinner.js
FN:3,LoadingSpinner
FNF:1
FNH:0
FNDA:0,LoadingSpinner
DA:4,0
LF:1
LH:0
BRF:0
BRH:0
end_of_record
TN:
SF:abundance-gps-module/src/components/common/Modal.js
FN:7,Modal
FNF:1
FNH:0
FNDA:0,Modal
DA:8,0
DA:10,0
DA:20,0
LF:3
LH:0
BRDA:8,0,0,0
BRDA:8,0,1,0
BRF:2
BRH:0
end_of_record
TN:
SF:abundance-gps-module/src/components/common/Slider.js
FN:21,Slider
FN:22,(anonymous_1)
FNF:2
FNH:0
FNDA:0,Slider
FNDA:0,(anonymous_1)
DA:22,0
DA:23,0
DA:26,0
DA:59,2
LF:4
LH:1
BRDA:21,0,0,0
BRDA:21,1,0,0
BRDA:21,2,0,0
BRDA:21,3,0,0
BRDA:21,4,0,0
BRDA:47,5,0,0
BRDA:47,5,1,0
BRF:7
BRH:0
end_of_record
TN:
SF:abundance-gps-module/src/components/common/StarRating.js
FN:7,StarRating
FN:8,(anonymous_1)
FN:16,(anonymous_2)
FNF:3
FNH:0
FNDA:0,StarRating
FNDA:0,(anonymous_1)
FNDA:0,(anonymous_2)
DA:8,0
DA:9,0
DA:10,0
DA:16,0
DA:25,0
DA:28,0
LF:6
LH:0
BRDA:7,0,0,0
BRDA:7,1,0,0
BRDA:14,2,0,0
BRDA:14,2,1,0
BRDA:16,3,0,0
BRDA:16,3,1,0
BRDA:16,3,2,0
BRF:7
BRH:0
end_of_record
TN:
SF:abundance-gps-module/src/components/common/ThemeToggleButton.js
FN:6,(anonymous_0)
FN:12,(anonymous_1)
FN:19,ThemeToggleButton
FN:20,(anonymous_3)
FN:21,(anonymous_4)
FNF:5
FNH:0
FNDA:0,(anonymous_0)
FNDA:0,(anonymous_1)
FNDA:0,ThemeToggleButton
FNDA:0,(anonymous_3)
FNDA:0,(anonymous_4)
DA:6,1
DA:7,0
DA:12,1
DA:13,0
DA:20,0
DA:21,0
DA:23,0
LF:7
LH:2
BRDA:26,0,0,0
BRDA:26,0,1,0
BRDA:29,1,0,0
BRDA:29,1,1,0
BRF:4
BRH:0
end_of_record
TN:
SF:abundance-gps-module/src/components/common/Toast.js
FN:7,(anonymous_0)
FN:8,(anonymous_1)
FN:9,(anonymous_2)
FN:10,(anonymous_3)
FN:24,Toast
FN:27,(anonymous_5)
FNF:6
FNH:0
FNDA:0,(anonymous_0)
FNDA:0,(anonymous_1)
FNDA:0,(anonymous_2)
FNDA:0,(anonymous_3)
FNDA:0,Toast
FNDA:0,(anonymous_5)
DA:7,1
DA:8,1
DA:9,1
DA:10,1
DA:25,0
DA:27,0
DA:28,0
DA:32,0
DA:34,0
DA:41,0
DA:49,0
DA:69,1
LF:12
LH:5
BRDA:24,0,0,0
BRDA:42,1,0,0
BRDA:42,1,1,0
BRDA:43,2,0,0
BRDA:43,2,1,0
BRDA:44,3,0,0
BRDA:44,3,1,0
BRDA:45,4,0,0
BRDA:45,4,1,0
BRDA:54,5,0,0
BRDA:54,5,1,0
BRF:11
BRH:0
end_of_record
TN:
SF:abundance-gps-module/src/hooks/useAudioRecorder.js
FN:18,useAudioRecorder
FN:26,(anonymous_1)
FN:36,(anonymous_2)
FN:42,(anonymous_3)
FN:48,(anonymous_4)
FN:51,(anonymous_5)
FN:55,(anonymous_6)
FN:67,(anonymous_7)
FN:68,(anonymous_8)
FN:70,(anonymous_9)
FN:87,(anonymous_10)
FNF:11
FNH:0
FNDA:0,useAudioRecorder
FNDA:0,(anonymous_1)
FNDA:0,(anonymous_2)
FNDA:0,(anonymous_3)
FNDA:0,(anonymous_4)
FNDA:0,(anonymous_5)
FNDA:0,(anonymous_6)
FNDA:0,(anonymous_7)
FNDA:0,(anonymous_8)
FNDA:0,(anonymous_9)
FNDA:0,(anonymous_10)
DA:19,0
DA:20,0
DA:21,0
DA:22,0
DA:23,0
DA:24,0
DA:26,0
DA:27,0
DA:28,0
DA:29,0
DA:30,0
DA:32,0
DA:33,0
DA:34,0
DA:36,0
DA:37,0
DA:38,0
DA:42,0
DA:43,0
DA:44,0
DA:45,0
DA:46,0
DA:48,0
DA:51,0
DA:52,0
DA:53,0
DA:54,0
DA:55,0
DA:58,0
DA:59,0
DA:61,0
DA:62,0
DA:63,0
DA:67,0
DA:68,0
DA:69,0
DA:70,0
DA:71,0
DA:72,0
DA:73,0
DA:74,0
DA:75,0
DA:78,0
DA:80,0
DA:82,0
DA:87,0
DA:88,0
DA:89,0
DA:90,0
DA:92,0
DA:93,0
DA:99,0
LF:52
LH:0
BRDA:26,0,0,0
BRDA:37,1,0,0
BRDA:37,1,1,0
BRDA:69,2,0,0
BRDA:69,2,1,0
BRDA:69,3,0,0
BRDA:69,3,1,0
BRDA:89,4,0,0
BRDA:89,4,1,0
BRF:9
BRH:0
end_of_record
TN:
SF:abundance-gps-module/src/hooks/useSpeechSynthesis.js
FN:16,useSpeechSynthesis
FN:20,(anonymous_1)
FN:29,(anonymous_2)
FN:30,(anonymous_3)
FN:34,(anonymous_4)
FN:42,(anonymous_5)
FNF:6
FNH:0
FNDA:0,useSpeechSynthesis
FNDA:0,(anonymous_1)
FNDA:0,(anonymous_2)
FNDA:0,(anonymous_3)
FNDA:0,(anonymous_4)
FNDA:0,(anonymous_5)
DA:17,0
DA:18,0
DA:20,0
DA:21,0
DA:23,0
DA:24,0
DA:25,0
DA:26,0
DA:27,0
DA:29,0
DA:30,0
DA:31,0
DA:32,0
DA:34,0
DA:35,0
DA:36,0
DA:39,0
DA:42,0
DA:43,0
DA:44,0
DA:45,0
DA:49,0
LF:22
LH:0
BRDA:16,0,0,0
BRDA:16,1,0,0
BRDA:16,2,0,0
BRDA:16,3,0,0
BRDA:16,4,0,0
BRDA:21,5,0,0
BRDA:21,5,1,0
BRDA:21,6,0,0
BRDA:21,6,1,0
BRDA:32,7,0,0
BRDA:32,7,1,0
BRDA:43,8,0,0
BRDA:43,8,1,0
BRDA:43,9,0,0
BRDA:43,9,1,0
BRF:15
BRH:0
end_of_record
TN:
SF:abundance-gps-module/src/hooks/useWebAudio.js
FN:16,useWebAudioTones
FN:26,(anonymous_1)
FN:52,(anonymous_2)
FN:79,(anonymous_3)
FN:83,(anonymous_4)
FN:92,(anonymous_5)
FNF:6
FNH:0
FNDA:0,useWebAudioTones
FNDA:0,(anonymous_1)
FNDA:0,(anonymous_2)
FNDA:0,(anonymous_3)
FNDA:0,(anonymous_4)
FNDA:0,(anonymous_5)
DA:22,0
DA:23,0
DA:24,0
DA:26,0
DA:27,0
DA:29,0
DA:30,0
DA:31,0
DA:32,0
DA:33,0
DA:34,0
DA:35,0
DA:40,0
DA:41,0
DA:43,0
DA:47,0
DA:48,0
DA:52,0
DA:53,0
DA:54,0
DA:55,0
DA:56,0
DA:57,0
DA:58,0
DA:60,0
DA:61,0
DA:62,0
DA:64,0
DA:66,0
DA:67,0
DA:68,0
DA:69,0
DA:70,0
DA:72,0
DA:73,0
DA:79,0
DA:81,0
DA:83,0
DA:84,0
DA:85,0
DA:86,0
DA:91,0
DA:93,0
DA:94,0
DA:97,0
DA:98,0
DA:99,0
DA:100,0
DA:102,0
DA:103,0
DA:104,0
DA:105,0
DA:108,0
DA:109,0
DA:110,0
DA:112,0
DA:113,0
DA:116,0
DA:118,0
DA:119,0
DA:123,0
DA:125,0
DA:132,0
LF:63
LH:0
BRDA:16,0,0,0
BRDA:17,1,0,0
BRDA:18,2,0,0
BRDA:19,3,0,0
BRDA:20,4,0,0
BRDA:27,5,0,0
BRDA:27,5,1,0
BRDA:30,6,0,0
BRDA:30,6,1,0
BRDA:40,7,0,0
BRDA:40,7,1,0
BRDA:54,8,0,0
BRDA:54,8,1,0
BRDA:54,9,0,0
BRDA:54,9,1,0
BRDA:64,10,0,0
BRDA:64,10,1,0
BRDA:67,11,0,0
BRDA:67,11,1,0
BRDA:67,12,0,0
BRDA:67,12,1,0
BRDA:69,13,0,0
BRDA:69,13,1,0
BRDA:69,14,0,0
BRDA:69,14,1,0
BRDA:72,15,0,0
BRDA:72,15,1,0
BRDA:84,16,0,0
BRDA:84,16,1,0
BRDA:84,17,0,0
BRDA:84,17,1,0
BRDA:97,18,0,0
BRDA:97,18,1,0
BRDA:97,19,0,0
BRDA:97,19,1,0
BRDA:99,20,0,0
BRDA:99,20,1,0
BRDA:102,21,0,0
BRDA:102,21,1,0
BRDA:102,22,0,0
BRDA:102,22,1,0
BRDA:104,23,0,0
BRDA:104,23,1,0
BRDA:116,24,0,0
BRDA:116,24,1,0
BRF:45
BRH:0
end_of_record
TN:
SF:abundance-gps-module/src/store/abundanceStore.js
FN:57,(anonymous_0)
FN:76,(anonymous_1)
FN:76,(anonymous_2)
FN:79,(anonymous_3)
FN:99,(anonymous_4)
FN:118,(anonymous_5)
FN:123,(anonymous_6)
FN:124,(anonymous_7)
FN:126,(anonymous_8)
FN:132,(anonymous_9)
FN:134,(anonymous_10)
FN:142,(anonymous_11)
FN:144,(anonymous_12)
FN:153,(anonymous_13)
FN:154,(anonymous_14)
FN:155,(anonymous_15)
FN:160,(anonymous_16)
FN:161,(anonymous_17)
FN:162,(anonymous_18)
FN:167,(anonymous_19)
FN:170,(anonymous_20)
FN:171,(anonymous_21)
FN:181,(anonymous_22)
FN:191,(anonymous_23)
FN:195,(anonymous_24)
FN:202,(anonymous_25)
FN:209,(anonymous_26)
FN:216,(anonymous_27)
FN:223,(anonymous_28)
FN:227,(anonymous_29)
FN:230,(anonymous_30)
FN:235,(anonymous_31)
FN:248,(anonymous_32)
FN:265,(anonymous_33)
FN:267,(anonymous_34)
FN:270,(anonymous_35)
FN:273,(anonymous_36)
FN:277,(anonymous_37)
FN:277,(anonymous_38)
FN:282,(anonymous_39)
FNF:40
FNH:1
FNDA:11,(anonymous_0)
FNDA:0,(anonymous_1)
FNDA:0,(anonymous_2)
FNDA:0,(anonymous_3)
FNDA:0,(anonymous_4)
FNDA:0,(anonymous_5)
FNDA:0,(anonymous_6)
FNDA:0,(anonymous_7)
FNDA:0,(anonymous_8)
FNDA:0,(anonymous_9)
FNDA:0,(anonymous_10)
FNDA:0,(anonymous_11)
FNDA:0,(anonymous_12)
FNDA:0,(anonymous_13)
FNDA:0,(anonymous_14)
FNDA:0,(anonymous_15)
FNDA:0,(anonymous_16)
FNDA:0,(anonymous_17)
FNDA:0,(anonymous_18)
FNDA:0,(anonymous_19)
FNDA:0,(anonymous_20)
FNDA:0,(anonymous_21)
FNDA:0,(anonymous_22)
FNDA:0,(anonymous_23)
FNDA:0,(anonymous_24)
FNDA:0,(anonymous_25)
FNDA:0,(anonymous_26)
FNDA:0,(anonymous_27)
FNDA:0,(anonymous_28)
FNDA:0,(anonymous_29)
FNDA:0,(anonymous_30)
FNDA:0,(anonymous_31)
FNDA:0,(anonymous_32)
FNDA:0,(anonymous_33)
FNDA:0,(anonymous_34)
FNDA:0,(anonymous_35)
FNDA:0,(anonymous_36)
FNDA:0,(anonymous_37)
FNDA:0,(anonymous_38)
FNDA:0,(anonymous_39)
DA:4,11
DA:13,11
DA:18,11
DA:24,11
DA:29,11
DA:31,11
DA:37,11
DA:49,11
DA:55,11
DA:57,11
DA:76,0
DA:80,0
DA:81,0
DA:82,0
DA:83,0
DA:86,0
DA:87,0
DA:88,0
DA:95,0
DA:100,0
DA:101,0
DA:102,0
DA:103,0
DA:104,0
DA:105,0
DA:106,0
DA:109,0
DA:110,0
DA:116,0
DA:119,0
DA:120,0
DA:123,0
DA:125,0
DA:126,0
DA:127,0
DA:128,0
DA:129,0
DA:133,0
DA:134,0
DA:135,0
DA:136,0
DA:137,0
DA:139,0
DA:143,0
DA:144,0
DA:145,0
DA:146,0
DA:147,0
DA:148,0
DA:150,0
DA:154,0
DA:156,0
DA:161,0
DA:163,0
DA:168,0
DA:169,0
DA:170,0
DA:171,0
DA:173,0
DA:174,0
DA:181,0
DA:185,0
DA:186,0
DA:188,0
DA:189,0
DA:192,0
DA:196,0
DA:203,0
DA:210,0
DA:217,0
DA:218,0
DA:219,0
DA:220,0
DA:224,0
DA:225,0
DA:228,0
DA:231,0
DA:236,0
DA:241,0
DA:242,0
DA:249,0
DA:265,0
DA:268,0
DA:269,0
DA:270,0
DA:272,0
DA:273,0
DA:277,0
DA:282,0
LF:89
LH:10
BRDA:76,0,0,0
BRDA:76,0,1,0
BRDA:81,1,0,0
BRDA:81,1,1,0
BRDA:87,2,0,0
BRDA:87,2,1,0
BRDA:102,3,0,0
BRDA:102,3,1,0
BRDA:109,4,0,0
BRDA:109,4,1,0
BRDA:125,5,0,0
BRDA:125,5,1,0
BRDA:133,6,0,0
BRDA:133,6,1,0
BRDA:136,7,0,0
BRDA:136,7,1,0
BRDA:143,8,0,0
BRDA:143,8,1,0
BRDA:146,9,0,0
BRDA:146,9,1,0
BRDA:156,10,0,0
BRDA:156,10,1,0
BRDA:163,11,0,0
BRDA:163,11,1,0
BRDA:171,12,0,0
BRDA:171,12,1,0
BRDA:171,13,0,0
BRDA:171,13,1,0
BRDA:173,14,0,0
BRDA:173,14,1,0
BRDA:217,15,0,0
BRDA:217,15,1,0
BRDA:219,16,0,0
BRDA:219,16,1,0
BRDA:267,17,0,0
BRDA:267,18,0,0
BRDA:272,19,0,0
BRDA:272,19,1,0
BRF:38
BRH:0
end_of_record
TN:
SF:abundance-gps-module/src/utils/shapeUtils.js
FN:8,(anonymous_0)
FN:9,(anonymous_1)
FN:10,(anonymous_2)
FN:11,(anonymous_3)
FN:12,(anonymous_4)
FN:13,(anonymous_5)
FN:30,generatePatternAlignmentPuzzle
FN:32,(anonymous_7)
FN:65,(anonymous_8)
FN:66,(anonymous_9)
FN:68,(anonymous_10)
FN:78,generateReliefPuzzleSet
FN:100,(anonymous_12)
FN:101,(anonymous_13)
FN:103,(anonymous_14)
FNF:15
FNH:0
FNDA:0,(anonymous_0)
FNDA:0,(anonymous_1)
FNDA:0,(anonymous_2)
FNDA:0,(anonymous_3)
FNDA:0,(anonymous_4)
FNDA:0,(anonymous_5)
FNDA:0,generatePatternAlignmentPuzzle
FNDA:0,(anonymous_7)
FNDA:0,(anonymous_8)
FNDA:0,(anonymous_9)
FNDA:0,(anonymous_10)
FNDA:0,generateReliefPuzzleSet
FNDA:0,(anonymous_12)
FNDA:0,(anonymous_13)
FNDA:0,(anonymous_14)
DA:8,3
DA:9,3
DA:10,3
DA:11,3
DA:12,3
DA:13,3
DA:17,3
DA:32,0
DA:39,0
DA:40,0
DA:44,0
DA:45,0
DA:46,0
DA:48,0
DA:49,0
DA:51,0
DA:52,0
DA:53,0
DA:54,0
DA:56,0
DA:57,0
DA:62,0
DA:65,0
DA:66,0
DA:68,0
DA:70,0
DA:79,0
DA:80,0
DA:81,0
DA:83,0
DA:86,0
DA:87,0
DA:88,0
DA:89,0
DA:92,0
DA:93,0
DA:94,0
DA:97,0
DA:98,0
DA:100,0
DA:101,0
DA:103,0
DA:105,0
DA:112,0
LF:44
LH:7
BRDA:40,0,0,0
BRDA:40,0,1,0
BRDA:53,1,0,0
BRDA:53,1,1,0
BRDA:53,2,0,0
BRDA:53,2,1,0
BRDA:56,3,0,0
BRDA:56,3,1,0
BRDA:62,4,0,0
BRDA:62,4,1,0
BRDA:90,5,0,0
BRDA:90,5,1,0
BRDA:92,6,0,0
BRDA:92,6,1,0
BRDA:94,7,0,0
BRDA:94,7,1,0
BRF:16
BRH:0
end_of_record
TN:
SF:src/components/ContrastClarityReflection.js
FN:7,(anonymous_0)
FN:8,(anonymous_1)
FN:9,(anonymous_2)
FN:10,(anonymous_3)
FN:11,(anonymous_4)
FN:14,ContrastClarityReflection
FN:36,(anonymous_6)
FN:41,(anonymous_7)
FN:51,(anonymous_8)
FN:63,(anonymous_9)
FN:71,(anonymous_10)
FN:82,(anonymous_11)
FN:93,(anonymous_12)
FN:96,(anonymous_13)
FN:97,(anonymous_14)
FN:98,(anonymous_15)
FN:102,(anonymous_16)
FN:111,(anonymous_17)
FN:129,(anonymous_18)
FN:137,(anonymous_19)
FN:186,(anonymous_20)
FNF:21
FNH:0
FNDA:0,(anonymous_0)
FNDA:0,(anonymous_1)
FNDA:0,(anonymous_2)
FNDA:0,(anonymous_3)
FNDA:0,(anonymous_4)
FNDA:0,ContrastClarityReflection
FNDA:0,(anonymous_6)
FNDA:0,(anonymous_7)
FNDA:0,(anonymous_8)
FNDA:0,(anonymous_9)
FNDA:0,(anonymous_10)
FNDA:0,(anonymous_11)
FNDA:0,(anonymous_12)
FNDA:0,(anonymous_13)
FNDA:0,(anonymous_14)
FNDA:0,(anonymous_15)
FNDA:0,(anonymous_16)
FNDA:0,(anonymous_17)
FNDA:0,(anonymous_18)
FNDA:0,(anonymous_19)
FNDA:0,(anonymous_20)
DA:7,0
DA:8,0
DA:9,0
DA:10,0
DA:11,0
DA:22,0
DA:24,0
DA:25,0
DA:30,0
DA:32,0
DA:33,0
DA:34,0
DA:36,0
DA:37,0
DA:41,0
DA:42,0
DA:51,0
DA:52,0
DA:53,0
DA:54,0
DA:55,0
DA:56,0
DA:57,0
DA:59,0
DA:63,0
DA:64,0
DA:65,0
DA:66,0
DA:67,0
DA:71,0
DA:72,0
DA:73,0
DA:74,0
DA:76,0
DA:77,0
DA:78,0
DA:82,0
DA:83,0
DA:84,0
DA:85,0
DA:87,0
DA:89,0
DA:93,0
DA:94,0
DA:95,0
DA:96,0
DA:97,0
DA:98,0
DA:99,0
DA:100,0
DA:101,0
DA:102,0
DA:103,0
DA:104,0
DA:105,0
DA:111,0
DA:112,0
DA:113,0
DA:114,0
DA:117,0
DA:129,0
DA:137,0
DA:186,0
LF:63
LH:0
BRDA:24,0,0,0
BRDA:24,0,1,0
BRDA:25,1,0,0
BRDA:25,1,1,0
BRDA:37,2,0,0
BRDA:37,2,1,0
BRDA:42,3,0,0
BRDA:42,3,1,0
BRDA:42,4,0,0
BRDA:42,4,1,0
BRDA:42,4,2,0
BRDA:52,5,0,0
BRDA:52,5,1,0
BRDA:52,6,0,0
BRDA:52,6,1,0
BRDA:55,7,0,0
BRDA:55,7,1,0
BRDA:55,8,0,0
BRDA:55,8,1,0
BRDA:55,8,2,0
BRDA:65,9,0,0
BRDA:65,9,1,0
BRDA:72,10,0,0
BRDA:72,10,1,0
BRDA:74,11,0,0
BRDA:74,11,1,0
BRDA:77,12,0,0
BRDA:77,12,1,0
BRDA:83,13,0,0
BRDA:83,13,1,0
BRDA:84,14,0,0
BRDA:84,14,1,0
BRDA:95,15,0,0
BRDA:95,15,1,0
BRDA:114,16,0,0
BRDA:114,16,1,0
BRDA:129,17,0,0
BRDA:129,17,1,0
BRDA:130,18,0,0
BRDA:130,18,1,0
BRDA:131,19,0,0
BRDA:131,19,1,0
BRDA:137,20,0,0
BRDA:137,20,1,0
BRDA:138,21,0,0
BRDA:138,21,1,0
BRDA:139,22,0,0
BRDA:139,22,1,0
BRDA:147,23,0,0
BRDA:147,23,1,0
BRDA:147,23,2,0
BRDA:152,24,0,0
BRDA:152,24,1,0
BRDA:162,25,0,0
BRDA:162,25,1,0
BRDA:164,26,0,0
BRDA:164,26,1,0
BRDA:164,26,2,0
BRDA:169,27,0,0
BRDA:169,27,1,0
BRDA:178,28,0,0
BRDA:178,28,1,0
BRDA:178,28,2,0
BRDA:178,28,3,0
BRDA:183,29,0,0
BRDA:183,29,1,0
BRDA:184,30,0,0
BRDA:184,30,1,0
BRF:68
BRH:0
end_of_record
TN:
SF:src/components/ImmediateReliefPractice/AudioBreatheCue.js
FN:14,AudioBreatheCue
FN:35,(anonymous_1)
FN:49,(anonymous_2)
FN:57,(anonymous_3)
FN:65,(anonymous_4)
FN:73,(anonymous_5)
FN:82,(anonymous_6)
FN:96,(anonymous_7)
FN:97,(anonymous_8)
FN:111,(anonymous_9)
FN:123,(anonymous_10)
FN:125,(anonymous_11)
FN:159,(anonymous_12)
FN:161,(anonymous_13)
FN:166,(anonymous_14)
FN:166,(anonymous_15)
FNF:16
FNH:0
FNDA:0,AudioBreatheCue
FNDA:0,(anonymous_1)
FNDA:0,(anonymous_2)
FNDA:0,(anonymous_3)
FNDA:0,(anonymous_4)
FNDA:0,(anonymous_5)
FNDA:0,(anonymous_6)
FNDA:0,(anonymous_7)
FNDA:0,(anonymous_8)
FNDA:0,(anonymous_9)
FNDA:0,(anonymous_10)
FNDA:0,(anonymous_11)
FNDA:0,(anonymous_12)
FNDA:0,(anonymous_13)
FNDA:0,(anonymous_14)
FNDA:0,(anonymous_15)
DA:7,0
DA:8,0
DA:9,0
DA:10,0
DA:11,0
DA:12,0
DA:15,0
DA:17,0
DA:18,0
DA:19,0
DA:20,0
DA:21,0
DA:24,0
DA:29,0
DA:31,0
DA:32,0
DA:33,0
DA:35,0
DA:36,0
DA:37,0
DA:38,0
DA:39,0
DA:40,0
DA:41,0
DA:45,0
DA:46,0
DA:47,0
DA:48,0
DA:49,0
DA:50,0
DA:53,0
DA:54,0
DA:55,0
DA:56,0
DA:57,0
DA:58,0
DA:61,0
DA:62,0
DA:63,0
DA:64,0
DA:65,0
DA:66,0
DA:69,0
DA:70,0
DA:71,0
DA:72,0
DA:73,0
DA:74,0
DA:77,0
DA:82,0
DA:83,0
DA:84,0
DA:86,0
DA:88,0
DA:89,0
DA:90,0
DA:93,0
DA:94,0
DA:96,0
DA:97,0
DA:98,0
DA:99,0
DA:101,0
DA:103,0
DA:107,0
DA:108,0
DA:111,0
DA:112,0
DA:113,0
DA:114,0
DA:115,0
DA:116,0
DA:117,0
DA:118,0
DA:119,0
DA:123,0
DA:125,0
DA:136,0
DA:137,0
DA:138,0
DA:139,0
DA:140,0
DA:142,0
DA:146,0
DA:159,0
DA:161,0
DA:166,0
LF:87
LH:0
BRDA:36,0,0,0
BRDA:36,0,1,0
BRDA:39,1,0,0
BRDA:39,1,1,0
BRDA:47,2,0,0
BRDA:47,2,1,0
BRDA:47,3,0,0
BRDA:47,3,1,0
BRDA:50,4,0,0
BRDA:50,4,1,0
BRDA:55,5,0,0
BRDA:55,5,1,0
BRDA:55,6,0,0
BRDA:55,6,1,0
BRDA:58,7,0,0
BRDA:58,7,1,0
BRDA:63,8,0,0
BRDA:63,8,1,0
BRDA:63,9,0,0
BRDA:63,9,1,0
BRDA:66,10,0,0
BRDA:66,10,1,0
BRDA:71,11,0,0
BRDA:71,11,1,0
BRDA:71,12,0,0
BRDA:71,12,1,0
BRDA:74,13,0,0
BRDA:74,13,1,0
BRDA:83,14,0,0
BRDA:83,14,1,0
BRDA:84,15,0,0
BRDA:84,15,1,0
BRDA:88,16,0,0
BRDA:88,16,1,0
BRDA:88,17,0,0
BRDA:88,17,1,0
BRDA:98,18,0,0
BRDA:98,18,1,0
BRDA:108,19,0,0
BRDA:108,19,1,0
BRDA:111,20,0,0
BRDA:113,21,0,0
BRDA:113,21,1,0
BRDA:114,22,0,0
BRDA:114,22,1,0
BRDA:118,23,0,0
BRDA:118,23,1,0
BRDA:137,24,0,0
BRDA:137,24,1,0
BRDA:139,25,0,0
BRDA:139,25,1,0
BRDA:156,26,0,0
BRDA:156,26,1,0
BRDA:164,27,0,0
BRDA:164,27,1,0
BRDA:183,28,0,0
BRDA:183,28,1,0
BRDA:183,28,2,0
BRDA:186,29,0,0
BRDA:186,29,1,0
BRDA:186,29,2,0
BRF:61
BRH:0
end_of_record
TN:
SF:src/components/ImmediateReliefPractice/ImmediateReliefPracticeMenu.js
FN:5,(anonymous_0)
FN:6,(anonymous_1)
FN:9,ImmediateReliefPracticeMenu
FN:15,(anonymous_3)
FN:31,(anonymous_4)
FN:43,(anonymous_5)
FN:55,(anonymous_6)
FNF:7
FNH:0
FNDA:0,(anonymous_0)
FNDA:0,(anonymous_1)
FNDA:0,ImmediateReliefPracticeMenu
FNDA:0,(anonymous_3)
FNDA:0,(anonymous_4)
FNDA:0,(anonymous_5)
FNDA:0,(anonymous_6)
DA:5,0
DA:6,0
DA:10,0
DA:13,0
DA:15,0
DA:16,0
DA:19,0
DA:31,0
DA:43,0
DA:55,0
LF:10
LH:0
BRDA:16,0,0,0
BRDA:16,0,1,0
BRF:2
BRH:0
end_of_record
TN:
SF:src/components/ImmediateReliefPractice/PatternMicroPuzzleRelief.js
FN:8,PatternMicroPuzzleRelief
FN:20,(anonymous_1)
FN:28,(anonymous_2)
FN:32,(anonymous_3)
FN:43,(anonymous_4)
FN:44,(anonymous_5)
FN:47,(anonymous_6)
FN:50,(anonymous_7)
FN:62,(anonymous_8)
FN:71,(anonymous_9)
FN:75,(anonymous_10)
FN:98,(anonymous_11)
FN:110,(anonymous_12)
FN:141,(anonymous_13)
FN:147,(anonymous_14)
FNF:15
FNH:0
FNDA:0,PatternMicroPuzzleRelief
FNDA:0,(anonymous_1)
FNDA:0,(anonymous_2)
FNDA:0,(anonymous_3)
FNDA:0,(anonymous_4)
FNDA:0,(anonymous_5)
FNDA:0,(anonymous_6)
FNDA:0,(anonymous_7)
FNDA:0,(anonymous_8)
FNDA:0,(anonymous_9)
FNDA:0,(anonymous_10)
FNDA:0,(anonymous_11)
FNDA:0,(anonymous_12)
FNDA:0,(anonymous_13)
FNDA:0,(anonymous_14)
DA:6,0
DA:9,0
DA:11,0
DA:12,0
DA:13,0
DA:14,0
DA:15,0
DA:17,0
DA:18,0
DA:20,0
DA:21,0
DA:22,0
DA:23,0
DA:24,0
DA:25,0
DA:28,0
DA:29,0
DA:32,0
DA:33,0
DA:34,0
DA:35,0
DA:36,0
DA:38,0
DA:39,0
DA:40,0
DA:43,0
DA:44,0
DA:47,0
DA:50,0
DA:53,0
DA:54,0
DA:55,0
DA:62,0
DA:63,0
DA:65,0
DA:66,0
DA:68,0
DA:69,0
DA:71,0
DA:72,0
DA:73,0
DA:74,0
DA:75,0
DA:77,0
DA:78,0
DA:85,0
DA:87,0
DA:88,0
DA:91,0
DA:94,0
DA:98,0
DA:111,0
DA:112,0
DA:113,0
DA:114,0
DA:116,0
DA:118,0
DA:119,0
DA:122,0
DA:142,0
DA:143,0
DA:147,0
LF:62
LH:0
BRDA:25,0,0,0
BRDA:25,0,1,0
BRDA:33,1,0,0
BRDA:33,1,1,0
BRDA:38,2,0,0
BRDA:38,2,1,0
BRDA:39,3,0,0
BRDA:39,3,1,0
BRDA:53,4,0,0
BRDA:53,4,1,0
BRDA:53,5,0,0
BRDA:53,5,1,0
BRDA:55,6,0,0
BRDA:55,6,1,0
BRDA:63,7,0,0
BRDA:63,7,1,0
BRDA:63,8,0,0
BRDA:63,8,1,0
BRDA:69,9,0,0
BRDA:69,9,1,0
BRDA:69,10,0,0
BRDA:69,10,1,0
BRDA:73,11,0,0
BRDA:73,11,1,0
BRDA:74,12,0,0
BRDA:74,12,1,0
BRDA:87,13,0,0
BRDA:87,13,1,0
BRDA:99,14,0,0
BRDA:99,14,1,0
BRDA:113,15,0,0
BRDA:113,15,1,0
BRDA:116,16,0,0
BRDA:116,16,1,0
BRDA:118,17,0,0
BRDA:118,17,1,0
BRDA:118,18,0,0
BRDA:118,18,1,0
BRDA:118,18,2,0
BRDA:119,19,0,0
BRDA:119,19,1,0
BRDA:126,20,0,0
BRDA:126,20,1,0
BRDA:128,21,0,0
BRDA:128,21,1,0
BRDA:128,21,2,0
BRDA:128,21,3,0
BRDA:128,21,4,0
BRDA:128,21,5,0
BRDA:131,22,0,0
BRDA:131,22,1,0
BRDA:131,22,2,0
BRDA:131,22,3,0
BRDA:131,22,4,0
BRDA:148,23,0,0
BRDA:148,23,1,0
BRF:56
BRH:0
end_of_record
TN:
SF:src/components/PerceptionWorkshop/CommitAnchor.js
FN:5,(anonymous_0)
FN:27,(anonymous_1)
FN:32,(anonymous_2)
FN:37,(anonymous_3)
FN:42,(anonymous_4)
FN:50,(anonymous_5)
FNF:6
FNH:0
FNDA:0,(anonymous_0)
FNDA:0,(anonymous_1)
FNDA:0,(anonymous_2)
FNDA:0,(anonymous_3)
FNDA:0,(anonymous_4)
FNDA:0,(anonymous_5)
DA:3,0
DA:5,0
DA:6,0
DA:7,0
DA:8,0
DA:11,0
DA:12,0
DA:13,0
DA:15,0
DA:16,0
DA:17,0
DA:19,0
DA:20,0
DA:22,0
DA:23,0
DA:24,0
DA:26,0
DA:27,0
DA:28,0
DA:30,0
DA:31,0
DA:32,0
DA:33,0
DA:35,0
DA:36,0
DA:37,0
DA:38,0
DA:40,0
DA:41,0
DA:42,0
DA:45,0
DA:46,0
DA:47,0
DA:50,0
DA:51,0
DA:52,0
DA:53,0
LF:37
LH:0
BRDA:6,0,0,0
BRDA:6,0,1,0
BRDA:6,1,0,0
BRDA:6,1,1,0
BRDA:12,2,0,0
BRDA:12,2,1,0
BRDA:12,3,0,0
BRDA:12,3,1,0
BRDA:20,4,0,0
BRDA:20,4,1,0
BRDA:23,5,0,0
BRDA:23,5,1,0
BRDA:23,6,0,0
BRDA:23,6,1,0
BRDA:28,7,0,0
BRDA:28,7,1,0
BRDA:33,8,0,0
BRDA:33,8,1,0
BRDA:38,9,0,0
BRDA:38,9,1,0
BRDA:46,10,0,0
BRDA:46,10,1,0
BRDA:52,11,0,0
BRDA:52,11,1,0
BRF:24
BRH:0
end_of_record
TN:
SF:src/hooks/useAudioRecorder.js
FN:27,useAudioRecorder
FN:39,(anonymous_1)
FN:47,(anonymous_2)
FN:50,(anonymous_3)
FN:62,(anonymous_4)
FN:65,(anonymous_5)
FN:66,(anonymous_6)
FN:70,(anonymous_7)
FN:77,(anonymous_8)
FN:92,(anonymous_9)
FN:98,(anonymous_10)
FN:107,(anonymous_11)
FN:112,(anonymous_12)
FN:117,(anonymous_13)
FN:122,(anonymous_14)
FN:127,(anonymous_15)
FN:142,(anonymous_16)
FN:149,(anonymous_17)
FN:155,(anonymous_18)
FN:161,(anonymous_19)
FN:174,(anonymous_20)
FNF:21
FNH:4
FNDA:7,useAudioRecorder
FNDA:3,(anonymous_1)
FNDA:3,(anonymous_2)
FNDA:0,(anonymous_3)
FNDA:0,(anonymous_4)
FNDA:0,(anonymous_5)
FNDA:0,(anonymous_6)
FNDA:0,(anonymous_7)
FNDA:3,(anonymous_8)
FNDA:0,(anonymous_9)
FNDA:0,(anonymous_10)
FNDA:0,(anonymous_11)
FNDA:0,(anonymous_12)
FNDA:0,(anonymous_13)
FNDA:0,(anonymous_14)
FNDA:0,(anonymous_15)
FNDA:0,(anonymous_16)
FNDA:0,(anonymous_17)
FNDA:0,(anonymous_18)
FNDA:0,(anonymous_19)
FNDA:0,(anonymous_20)
DA:28,7
DA:29,7
DA:30,7
DA:31,7
DA:32,7
DA:34,7
DA:35,7
DA:36,7
DA:37,7
DA:39,7
DA:40,3
DA:41,2
DA:43,1
DA:44,1
DA:47,3
DA:49,3
DA:50,1
DA:52,3
DA:53,0
DA:55,3
DA:56,0
DA:62,7
DA:63,0
DA:64,0
DA:65,0
DA:66,0
DA:70,7
DA:71,0
DA:72,0
DA:73,0
DA:77,7
DA:78,3
DA:79,0
DA:80,0
DA:81,0
DA:83,3
DA:85,3
DA:86,3
DA:87,1
DA:89,1
DA:90,1
DA:92,1
DA:93,0
DA:94,0
DA:98,1
DA:99,0
DA:100,0
DA:101,0
DA:102,0
DA:103,0
DA:104,0
DA:106,0
DA:107,0
DA:108,0
DA:112,1
DA:113,0
DA:114,0
DA:117,1
DA:118,0
DA:119,0
DA:122,1
DA:123,0
DA:124,0
DA:127,1
DA:128,0
DA:129,0
DA:130,0
DA:133,1
DA:136,2
DA:137,2
DA:142,7
DA:143,0
DA:144,0
DA:149,7
DA:150,0
DA:151,0
DA:155,7
DA:156,0
DA:157,0
DA:161,7
DA:162,0
DA:163,0
DA:165,0
DA:166,0
DA:167,0
DA:168,0
DA:169,0
DA:170,0
DA:173,0
DA:174,0
DA:175,0
DA:177,0
DA:182,7
LF:93
LH:43
BRDA:27,0,0,7
BRDA:27,1,0,7
BRDA:40,2,0,2
BRDA:40,2,1,1
BRDA:40,3,0,3
BRDA:40,3,1,3
BRDA:40,3,2,2
BRDA:40,3,3,2
BRDA:49,4,0,1
BRDA:49,4,1,2
BRDA:52,5,0,0
BRDA:52,5,1,3
BRDA:55,6,0,0
BRDA:55,6,1,3
BRDA:63,7,0,0
BRDA:63,7,1,0
BRDA:71,8,0,0
BRDA:71,8,1,0
BRDA:78,9,0,0
BRDA:78,9,1,3
BRDA:83,10,0,0
BRDA:83,10,1,3
BRDA:93,11,0,0
BRDA:93,11,1,0
BRDA:106,12,0,0
BRDA:106,12,1,0
BRDA:143,13,0,0
BRDA:143,13,1,0
BRDA:143,14,0,0
BRDA:143,14,1,0
BRDA:143,14,2,0
BRDA:150,15,0,0
BRDA:150,15,1,0
BRDA:150,16,0,0
BRDA:150,16,1,0
BRDA:156,17,0,0
BRDA:156,17,1,0
BRDA:156,18,0,0
BRDA:156,18,1,0
BRDA:162,19,0,0
BRDA:162,19,1,0
BRDA:170,20,0,0
BRDA:170,20,1,0
BRDA:170,21,0,0
BRDA:170,21,1,0
BRDA:173,22,0,0
BRDA:173,22,1,0
BRDA:177,23,0,0
BRDA:177,23,1,0
BRF:49
BRH:14
end_of_record
TN:
SF:src/hooks/useSpeechSynthesis.js
FN:21,useSpeechSynthesis
FN:29,(anonymous_1)
FN:39,(anonymous_2)
FN:52,(anonymous_3)
FN:55,(anonymous_4)
FN:65,(anonymous_5)
FN:86,(anonymous_6)
FN:92,(anonymous_7)
FN:96,(anonymous_8)
FN:101,(anonymous_9)
FN:115,(anonymous_10)
FNF:11
FNH:0
FNDA:0,useSpeechSynthesis
FNDA:0,(anonymous_1)
FNDA:0,(anonymous_2)
FNDA:0,(anonymous_3)
FNDA:0,(anonymous_4)
FNDA:0,(anonymous_5)
FNDA:0,(anonymous_6)
FNDA:0,(anonymous_7)
FNDA:0,(anonymous_8)
FNDA:0,(anonymous_9)
FNDA:0,(anonymous_10)
DA:22,0
DA:23,0
DA:24,0
DA:25,0
DA:26,0
DA:27,0
DA:29,0
DA:30,0
DA:31,0
DA:32,0
DA:33,0
DA:39,0
DA:40,0
DA:41,0
DA:42,0
DA:43,0
DA:44,0
DA:45,0
DA:48,0
DA:52,0
DA:53,0
DA:55,0
DA:57,0
DA:58,0
DA:59,0
DA:65,0
DA:66,0
DA:67,0
DA:68,0
DA:72,0
DA:73,0
DA:78,0
DA:79,0
DA:81,0
DA:82,0
DA:83,0
DA:85,0
DA:86,0
DA:87,0
DA:88,0
DA:92,0
DA:93,0
DA:96,0
DA:97,0
DA:98,0
DA:101,0
DA:102,0
DA:103,0
DA:104,0
DA:105,0
DA:111,0
DA:115,0
DA:116,0
DA:117,0
DA:119,0
DA:123,0
LF:56
LH:0
BRDA:21,0,0,0
BRDA:30,1,0,0
BRDA:30,1,1,0
BRDA:32,2,0,0
BRDA:32,2,1,0
BRDA:40,3,0,0
BRDA:40,3,1,0
BRDA:40,4,0,0
BRDA:40,4,1,0
BRDA:44,5,0,0
BRDA:44,5,1,0
BRDA:57,6,0,0
BRDA:57,6,1,0
BRDA:65,7,0,0
BRDA:65,8,0,0
BRDA:65,9,0,0
BRDA:65,10,0,0
BRDA:66,11,0,0
BRDA:66,11,1,0
BRDA:66,12,0,0
BRDA:66,12,1,0
BRDA:66,12,2,0
BRDA:67,13,0,0
BRDA:67,13,1,0
BRDA:72,14,0,0
BRDA:72,14,1,0
BRDA:85,15,0,0
BRDA:85,15,1,0
BRDA:87,16,0,0
BRDA:87,16,1,0
BRDA:98,17,0,0
BRDA:98,17,1,0
BRDA:104,18,0,0
BRDA:104,18,1,0
BRDA:105,19,0,0
BRDA:105,19,1,0
BRDA:116,20,0,0
BRDA:116,20,1,0
BRDA:116,21,0,0
BRDA:116,21,1,0
BRDA:116,21,2,0
BRF:41
BRH:0
end_of_record
